日期：2019-09-29 16:00:19
{"title":"【GM190925102812060327】订单发货啦！","content":"您购买的商品已经在赶去见您的路上啦~","payload":"您购买的商品已经在赶去见您的路上啦~"}pushMessage发送user7成功,cid:430c61c4c8e9eacb386bd19244668985
日期：2019-10-08 11:09:02
{"title":"【GM190925095103418525】订单发货啦！","content":"您购买的商品已经在赶去见您的路上啦~","payload":"您购买的商品已经在赶去见您的路上啦~"}pushMessage发送user90成功,cid:dadddacd51780e1b2e47bb07024375f2
日期：2019-12-30 11:48:24
{"title":"【GM191230114820765238】订单支付成功！","content":"您的宝贝马上就会发货啦！","payload":"您的宝贝马上就会发货啦！"}pushMessage发送user329成功,cid:4cf7c627aa1521e6b007a0d0aeddba24
日期：2019-12-30 11:48:24
经查系统无此用户user_id:grsq；所以无法推送消息[订单号【GM191230114820765238】,请发货].
日期：2019-12-30 11:49:04
经查系统无此用户user_id:grsq；所以无法推送消息[用户已经迫不及待想要见到宝贝啦！].
日期：2019-12-30 12:10:28
{"title":"【GM191230121023047880】订单支付成功！","content":"您的宝贝马上就会发货啦！","payload":"您的宝贝马上就会发货啦！"}pushMessage发送user329成功,cid:4cf7c627aa1521e6b007a0d0aeddba24
日期：2019-12-30 12:10:28
经查系统无此用户user_id:grsq；所以无法推送消息[订单号【GM191230121023047880】,请发货].
日期：2019-12-30 12:12:13
经查系统无此用户user_id:grsq；所以无法推送消息[用户已经迫不及待想要见到宝贝啦！].
日期：2019-12-30 14:15:07
{"title":"签到成功！","content":"您已经连续签到1天啦！奖励您5积分！","payload":"您已经连续签到1天啦！奖励您5积分！"}pushMessage发送user329成功,cid:4cf7c627aa1521e6b007a0d0aeddba24
日期：2019-12-30 14:44:15
{"title":"【GM191230024405915523】订单支付成功！","content":"您的宝贝马上就会发货啦！","payload":"您的宝贝马上就会发货啦！"}pushMessage发送user329成功,cid:4cf7c627aa1521e6b007a0d0aeddba24
日期：2019-12-30 14:44:15
经查系统无此用户user_id:grsq；所以无法推送消息[订单号【GM191230024405915523】,请发货].
日期：2019-12-30 14:45:49
经查系统无此用户user_id:grsq；所以无法推送消息[用户已经迫不及待想要见到宝贝啦！].
日期：2019-12-30 15:33:31
{"title":"【GM191230033326173626】订单支付成功！","content":"您的宝贝马上就会发货啦！","payload":"您的宝贝马上就会发货啦！"}pushMessage发送user329成功,cid:4cf7c627aa1521e6b007a0d0aeddba24
日期：2019-12-30 15:33:31
经查系统无此用户user_id:grsq；所以无法推送消息[订单号【GM191230033326173626】,请发货].
日期：2019-12-30 15:38:40
{"title":"【GM191230033834546851】订单支付成功！","content":"您的宝贝马上就会发货啦！","payload":"您的宝贝马上就会发货啦！"}pushMessage发送user329成功,cid:4cf7c627aa1521e6b007a0d0aeddba24
日期：2019-12-30 15:38:40
经查系统无此用户user_id:grsq；所以无法推送消息[订单号【GM191230033834546851】,请发货].
日期：2019-12-30 15:39:07
{"title":"【GM191230033834546851】订单发货啦！","content":"您购买的商品已经在赶去见您的路上啦~","payload":"您购买的商品已经在赶去见您的路上啦~"}pushMessage发送user329成功,cid:4cf7c627aa1521e6b007a0d0aeddba24
日期：2019-12-30 16:45:42
{"title":"充值会员成功","content":"您已开通白银会员成功，快去享受特权吧","payload":"您已开通白银会员成功，快去享受特权吧"}pushMessage发送user329成功,cid:4cf7c627aa1521e6b007a0d0aeddba24
日期：2019-12-30 17:43:21
经查系统无此用户user_id:grsq；所以无法推送消息[用户已经迫不及待想要见到宝贝啦！].
日期：2019-12-31 14:42:09
用户id:user331没有推送ID，无法推送消息[您已经连续签到1天啦！奖励您5积分！].请登录后获取clientid.150
日期：2019-12-31 15:41:54
用户id:user332没有推送ID，无法推送消息[您已经连续签到1天啦！奖励您5积分！].请登录后获取clientid.150
日期：2019-12-31 15:49:57
用户id:user333没有推送ID，无法推送消息[您已经连续签到1天啦！奖励您5积分！].请登录后获取clientid.150
日期：2019-12-31 16:01:28
用户id:user330没有推送ID，无法推送消息[您店铺【 八角商城】 已经通过审核，快去看看吧！].请登录后获取clientid.150
日期：2020-01-01 13:05:24
用户id:user336没有推送ID，无法推送消息[您已经连续签到1天啦！奖励您5积分！].请登录后获取clientid.150
日期：2020-01-02 11:06:22
{"title":"店铺申请通过审核！","content":"您店铺【 天天】 已经通过审核，快去看看吧！","payload":"您店铺【 天天】 已经通过审核，快去看看吧！"}pushMessage发送user329成功,cid:4cf7c627aa1521e6b007a0d0aeddba24
日期：2020-01-02 14:01:56
用户id:user338没有推送ID，无法推送消息[您已经连续签到1天啦！奖励您5积分！].请登录后获取clientid.150
日期：2020-01-02 14:05:27
用户id:user337没有推送ID，无法推送消息[您店铺【 同】 已经通过审核，快去看看吧！].请登录后获取clientid.150
日期：2020-01-02 14:11:06
用户id:user337没有推送ID，无法推送消息[您ID为 531 的商品已经通过审核！].请登录后获取clientid.150
日期：2020-01-02 14:52:58
用户id:user330没有推送ID，无法推送消息[您店铺【 八角商城】 已经通过审核，快去看看吧！].请登录后获取clientid.150
日期：2020-01-02 15:55:16
{"title":"店铺申请通过审核！","content":"您店铺【 七千】 已经通过审核，快去看看吧！","payload":"您店铺【 七千】 已经通过审核，快去看看吧！"}pushMessage发送user327成功,cid:4cf7c627aa1521e6b007a0d0aeddba24
日期：2020-01-02 16:18:56
{"title":"店铺提现失败！","content":"您2019-05-28 11:28:57申请的提现被驳回！驳回原因：试试","payload":"您2019-05-28 11:28:57申请的提现被驳回！驳回原因：试试"}pushMessage发送user4成功,cid:86299011fd804bb12da895ccf0041cb5
日期：2020-01-02 17:01:43
{"title":"店铺申请未通过审核！","content":"您店铺【 在哪】 未通过审核！驳回原因：","payload":"您店铺【 在哪】 未通过审核！驳回原因："}pushMessage发送user139成功,cid:775d39d30a0f8a492d225409428725b6
日期：2020-01-02 17:02:10
{"title":"您ID为 519 的商品未通过审核！","content":"拒绝原因：s ","payload":"拒绝原因：s "}pushMessage发送user90成功,cid:4175db6f0a42b95fa69344cd3f5f8f89
日期：2020-01-03 12:13:35
用户id:user339没有推送ID，无法推送消息[您已经连续签到1天啦！奖励您5积分！].请登录后获取clientid.150
日期：2020-01-06 10:12:39
用户id:user330没有推送ID，无法推送消息[您已经连续签到1天啦！奖励您5积分！].请登录后获取clientid.150
日期：2020-01-06 10:14:24
用户id:user330没有推送ID，无法推送消息[您ID为 533 的商品已经通过审核！].请登录后获取clientid.150
日期：2020-01-06 10:33:30
用户id:user331没有推送ID，无法推送消息[您已经连续签到1天啦！奖励您5积分！].请登录后获取clientid.150
日期：2020-01-06 11:35:35
用户id:user341没有推送ID，无法推送消息[您已经连续签到1天啦！奖励您5积分！].请登录后获取clientid.150
日期：2020-01-08 15:38:19
用户id:user330没有推送ID，无法推送消息[您的宝贝马上就会发货啦！].请登录后获取clientid.150
日期：2020-01-08 15:38:19
经查系统无此用户user_id:grsq；所以无法推送消息[订单号【GM200108033815057910】,请发货].
日期：2020-01-08 15:38:26
经查系统无此用户user_id:grsq；所以无法推送消息[用户已经迫不及待想要见到宝贝啦！].
日期：2020-01-08 15:39:49
用户id:user330没有推送ID，无法推送消息[您购买的商品已经在赶去见您的路上啦~].请登录后获取clientid.150
日期：2020-01-08 17:47:08
用户id:user330没有推送ID，无法推送消息[特别赠送您1积分！].请登录后获取clientid.150
日期：2020-01-08 17:47:08
{"title":"佣金到账啦！","content":"您通过订单【FX200108054705607826】获得佣金39.90元！","payload":"您通过订单【FX200108054705607826】获得佣金39.90元！"}pushMessage发送user11成功,cid:9129a975c36aedbce90e7a2dcf90f1a2
日期：2020-01-08 17:47:10
用户id:user330没有推送ID，无法推送消息[您的宝贝马上就会发货啦！].请登录后获取clientid.150
日期：2020-01-08 17:47:10
经查系统无此用户user_id:grsq；所以无法推送消息[订单号【FX200108054705607826】,请发货].
日期：2020-01-08 17:48:16
用户id:user330没有推送ID，无法推送消息[您已经连续签到1天啦！奖励您5积分！].请登录后获取clientid.150
