日期：2019-09-04 22:47:07
执行日期：2019-09-04 22:47:07
支付暂未配置，无法调起支付！


日期：2019-09-04 22:50:05
执行日期：2019-09-04 22:50:05
支付暂未配置，无法调起支付！


日期：2019-09-04 22:52:01
执行日期：2019-09-04 22:52:01
支付暂未配置，无法调起支付！


日期：2019-09-04 22:57:35
执行日期：2019-09-04 22:57:35
支付暂未配置，无法调起支付！


日期：2019-09-05 15:12:08
执行日期：2019-09-05 15:12:08
支付暂未配置，无法调起支付！


日期：2019-09-05 15:30:00
执行日期：2019-09-05 15:30:00
支付暂未配置，无法调起支付！


日期：2019-09-05 15:36:40
alipay_minipay执行日期：2019-09-05 15:36:40
支付暂未配置，无法调起支付！

1
日期：2019-09-05 15:39:21
GM190905033921146514____24____进口零食大礼包22____2019030763497116____1____alipay_minipay____57bbb8f875724887860b2b7c173fUX84
