生成日期：2019-12-24 12:14:46
走入时间失效
生成日期：2019-12-24 12:14:46
获取component_access_token失败！errmsg为:invalid component hint: [mt8Usa08863635]

生成日期：2019-12-24 12:14:46
获取authorizer_access_token失败！errmsg为:invalid credential, access_token is invalid or not latest hint: [zA.xua0886b101]

生成日期：2019-12-24 12:14:46
获取审核状态失败，错误信息为：access_token missing hints: [GFLFDbwgE-b9YRMA!]

生成日期：2019-12-24 12:16:43
走入时间失效
生成日期：2019-12-24 12:16:43
获取component_access_token失败！errmsg为:invalid component hint: [bFqWwa00032067]

生成日期：2019-12-24 12:16:43
获取authorizer_access_token失败！errmsg为:invalid credential, access_token is invalid or not latest hint: [00038162]

生成日期：2019-12-24 12:16:43
获取审核状态失败，错误信息为：access_token missing hints: [HFLFEFLnRa-suA2CA!]

生成日期：2019-12-24 12:17:23
走入时间失效
生成日期：2019-12-24 12:17:23
获取component_access_token失败！errmsg为:invalid component hint: [6NkgHA00434731]

生成日期：2019-12-24 12:17:23
获取authorizer_access_token失败！errmsg为:invalid credential, access_token is invalid or not latest hint: [kmvLtA0043hb97]

生成日期：2019-12-24 12:17:23
获取审核状态失败，错误信息为：access_token missing hints: [iFLFCQwhE-!]

生成日期：2019-12-24 12:17:38
走入时间失效
生成日期：2019-12-24 12:17:38
获取component_access_token失败！errmsg为:invalid component hint: [Aq__qa0058e535]

生成日期：2019-12-24 12:17:38
获取authorizer_access_token失败！errmsg为:invalid credential, access_token is invalid or not latest hint: [LyG96a00581547]

生成日期：2019-12-24 12:17:38
获取审核状态失败，错误信息为：access_token missing hints: [iFLFf9VhE-f00r9a!]

