日期：2019-09-20 18:27:00
addAction::execute->125 添加客户端失败
日期：2019-09-20 18:27:49
addAction::execute->117 添加客户端成功
日期：2019-09-23 11:08:28
ModifyAction::execute->111 修改客户端ID为 28 时，删除权限菜单失败
日期：2019-09-23 11:09:05
ModifyAction::execute->103 修改客户端ID为 28成功
日期：2019-09-23 11:09:14
ModifyAction::execute->103 修改客户端ID为 7成功
日期：2019-09-23 11:09:39
ModifyAction::execute->103 修改客户端ID为 3成功
日期：2019-09-23 11:09:51
ModifyAction::execute->103 修改客户端ID为 2成功
日期：2019-09-23 11:10:11
ModifyAction::execute->103 修改客户端ID为 6成功
日期：2019-09-23 11:10:21
ModifyAction::execute->103 修改客户端ID为 5成功
日期：2019-09-23 11:10:30
ModifyAction::execute->103 修改客户端ID为 4成功
日期：2019-09-23 16:22:33
ModifyAction::execute->105 修改角色id为 27成功
日期：2019-09-23 16:22:52
ModifyAction::execute->105 修改角色id为 25成功
日期：2019-09-23 16:23:04
ModifyAction::execute->105 修改角色id为 16成功
日期：2019-09-23 16:31:24
ModifyAction::execute->105 修改角色id为 25成功
日期：2019-09-23 16:32:26
ModifyAction::execute->105 修改角色id为 25成功
