日期：2019-09-23 15:32:40
ModifyAction::execute->195 用户修改成功
日期：2019-09-23 15:36:27
ModifyAction::execute->191 用户修改成功
日期：2019-12-20 15:36:25
AddAction::execute->127 未知原因，用户添加失败
日期：2019-12-20 15:37:22
AddAction::execute->127 未知原因，用户添加失败
日期：2019-12-20 15:40:43
SstatusAction::getDefaultView->93 锁定用户ID为14成功
日期：2019-12-20 15:46:37
AddAction::execute->127 未知原因，用户添加失败
日期：2019-12-20 15:57:04
AddAction::execute->123 用户添加成功
日期：2019-12-20 16:05:00
AddAction::execute->123 用户添加成功
日期：2019-12-20 16:05:52
ResetAction::getDefaultView->29 重置用户ID为85密码成功
日期：2019-12-20 16:07:42
SstatusAction::getDefaultView->93 锁定用户ID为14成功
日期：2019-12-20 16:07:50
ResetAction::getDefaultView->29 重置用户ID为78密码成功
日期：2019-12-27 15:20:00
ModifyAction::execute->154 用户修改成功
日期：2019-12-27 15:20:11
ResetAction::getDefaultView->29 重置用户ID为45密码成功
日期：2019-12-27 15:21:29
ModifyAction::execute->154 用户修改成功
日期：2019-12-30 19:26:45
ResetAction::getDefaultView->29 重置用户ID为45密码成功
日期：2019-12-30 19:29:07
ModifyAction::execute->154 用户修改成功
日期：2019-12-30 19:32:58
DelAction::getDefaultView->22 删除商户ID为18成功
日期：2019-12-31 16:00:00
ModifyAction::execute->154 用户修改成功
日期：2020-01-02 15:37:51
AddAction::execute->123 用户添加成功
