日期：2019-12-30 11:48:23
494:佣金[]发放【user329】成功！ 

日期：2019-12-30 11:48:23
670:【user329】个人进获奖[0]结算成功！ 

日期：2019-12-30 12:10:26
494:佣金[]发放【user329】成功！ 

日期：2019-12-30 12:10:26
670:【user329】个人进获奖[0]结算成功！ 

日期：2019-12-30 14:44:14
494:佣金[]发放【user329】成功！ 

日期：2019-12-30 14:44:14
670:【user329】个人进获奖[0]结算成功！ 

日期：2019-12-30 15:33:30
494:佣金[]发放【user329】成功！ 

日期：2019-12-30 15:33:30
670:【user329】个人进获奖[0]结算成功！ 

日期：2019-12-30 15:38:39
494:佣金[]发放【user329】成功！ 

日期：2019-12-30 15:38:39
670:【user329】个人进获奖[0]结算成功！ 

日期：2020-01-08 15:38:17
494:佣金[]发放【user330】成功！ 

日期：2020-01-08 15:38:17
670:【user330】个人进获奖[0]结算成功！ 

日期：2020-01-08 17:47:08
144:会员【user330】分销统一升级到等级[1]成功！ 

日期：2020-01-08 17:47:08
222:【user330】升级赠送积分[1]成功！ 

日期：2020-01-08 17:47:08
494:佣金[39.90]发放【user330】成功！ 

日期：2020-01-08 17:47:08
670:【user330】个人进获奖[10]结算成功！ 

