日期：2019-09-19 15:20:53
Product_shelvesAction::getDefaultView->48通过店铺ID: 14 商品ID为 311 审核成功
日期：2019-12-31 16:01:28
ExamineAction::execute->90通过user330 开店请求 
日期：2020-01-02 11:06:21
ExamineAction::execute->90通过user329 开店请求 
日期：2020-01-02 14:05:27
ExamineAction::execute->90通过user337 开店请求 
日期：2020-01-02 14:11:06
Product_shelvesAction::getDefaultView->48通过店铺ID: 83 商品ID为 531 审核成功
日期：2020-01-02 14:52:58
ExamineAction::execute->90通过user330 开店请求 
日期：2020-01-02 14:54:12
ModifyAction::execute->73 修改 user330 的开店信息成功
日期：2020-01-02 14:54:23
ModifyAction::execute->73 修改 user330 的开店信息成功
日期：2020-01-02 15:55:15
ExamineAction::execute->90通过user327 开店请求 
日期：2020-01-02 16:06:34
ModifyAction::execute->73 修改 user337 的开店信息成功
日期：2020-01-02 16:06:42
ModifyAction::execute->73 修改 user327 的开店信息成功
日期：2020-01-02 16:07:04
ModifyAction::execute->73 修改 user327 的开店信息成功
日期：2020-01-02 16:18:35
SetAction::execute->133 修改多商户设置成功
日期：2020-01-02 16:18:55
Withdraw_examineAction::getDefaultView->78 拒绝id为 19 的提现信息
日期：2020-01-02 17:01:06
ModifyAction::execute->73 修改 user330 的开店信息成功
日期：2020-01-02 17:01:42
ExamineAction::execute->90拒绝user139 开店请求 
日期：2020-01-02 17:02:10
Product_shelvesAction::getDefaultView->83拒绝店铺ID: 34 商品ID为 519 审核成功
日期：2020-01-02 17:16:34
ModifyAction::execute->73 修改 user327 的开店信息成功
日期：2020-01-06 10:14:24
Product_shelvesAction::getDefaultView->48通过店铺ID: 80 商品ID为 533 审核成功
