日期：2019-12-20 16:58:08
61:修改系统设置成功！ 

日期：2019-12-20 16:58:12
61:修改系统设置成功！ 

日期：2019-12-20 17:11:19
136:修改基础配置成功！

日期：2019-12-30 10:54:14
63:修改关于我们成功！ 

日期：2019-12-30 10:55:09
74:修改协议成功！ 

日期：2019-12-30 10:58:05
85:上传文件【1】:  INSERT INTO `lkt_files_record` ( `store_id`, `store_type`, `group`, `upload_mode`, `image_name`) VALUES ('1', '0', '-1', '1', '1577674685781.png')  

日期：2019-12-30 10:58:22
136:修改基础配置成功！

日期：2019-12-30 10:58:33
136:修改基础配置成功！

日期：2019-12-30 11:01:20
85:上传文件【1】:  INSERT INTO `lkt_files_record` ( `store_id`, `store_type`, `group`, `upload_mode`, `image_name`) VALUES ('1', '0', '-1', '1', '1577674880536.png')  

日期：2019-12-30 11:01:34
85:上传文件【1】:  INSERT INTO `lkt_files_record` ( `store_id`, `store_type`, `group`, `upload_mode`, `image_name`) VALUES ('1', '0', '-1', '1', '1577674894596.png')  

日期：2019-12-30 11:01:48
136:修改基础配置成功！

日期：2019-12-30 11:01:57
85:上传文件【1】:  INSERT INTO `lkt_files_record` ( `store_id`, `store_type`, `group`, `upload_mode`, `image_name`) VALUES ('1', '0', '-1', '1', '1577674917223.png')  

日期：2019-12-30 11:01:59
136:修改基础配置成功！

日期：2019-12-30 11:03:56
85:上传文件【1】:  INSERT INTO `lkt_files_record` ( `store_id`, `store_type`, `group`, `upload_mode`, `image_name`) VALUES ('1', '0', '8', '1', '1577675036928.png')  

日期：2019-12-30 11:04:13
85:上传文件【1】:  INSERT INTO `lkt_files_record` ( `store_id`, `store_type`, `group`, `upload_mode`, `image_name`) VALUES ('1', '0', '-1', '1', '1577675053159.png')  

日期：2019-12-30 11:04:20
136:修改基础配置成功！

日期：2019-12-30 11:04:42
136:修改基础配置成功！

日期：2019-12-30 11:05:28
85:上传文件【1】:  INSERT INTO `lkt_files_record` ( `store_id`, `store_type`, `group`, `upload_mode`, `image_name`) VALUES ('1', '0', '-1', '1', '1577675128581.png')  

日期：2019-12-30 11:05:38
85:上传文件【1】:  INSERT INTO `lkt_files_record` ( `store_id`, `store_type`, `group`, `upload_mode`, `image_name`) VALUES ('1', '0', '-1', '1', '157767513868.png')  

日期：2019-12-30 11:05:52
136:修改基础配置成功！

日期：2019-12-30 11:06:52
85:上传文件【1】:  INSERT INTO `lkt_files_record` ( `store_id`, `store_type`, `group`, `upload_mode`, `image_name`) VALUES ('1', '0', '-1', '1', '1577675212947.png')  

日期：2019-12-30 11:06:57
136:修改基础配置成功！

日期：2019-12-30 11:09:01
85:上传文件【1】:  INSERT INTO `lkt_files_record` ( `store_id`, `store_type`, `group`, `upload_mode`, `image_name`) VALUES ('1', '0', '-1', '1', '1577675341721.png')  

日期：2019-12-30 11:09:16
85:上传文件【1】:  INSERT INTO `lkt_files_record` ( `store_id`, `store_type`, `group`, `upload_mode`, `image_name`) VALUES ('1', '0', '-1', '1', '1577675356360.png')  

日期：2019-12-30 11:09:29
136:修改基础配置成功！

日期：2019-12-30 11:16:19
136:修改基础配置成功！

日期：2019-12-30 11:16:36
85:上传文件【1】:  INSERT INTO `lkt_files_record` ( `store_id`, `store_type`, `group`, `upload_mode`, `image_name`) VALUES ('1', '0', '-1', '1', '1577675796573.jpeg')  

日期：2019-12-30 11:16:55
85:上传文件【1】:  INSERT INTO `lkt_files_record` ( `store_id`, `store_type`, `group`, `upload_mode`, `image_name`) VALUES ('1', '0', '-1', '1', '1577675815527.png')  

日期：2019-12-30 11:17:42
85:上传文件【1】:  INSERT INTO `lkt_files_record` ( `store_id`, `store_type`, `group`, `upload_mode`, `image_name`) VALUES ('1', '0', '-1', '1', '1577675862656.png')  

日期：2019-12-30 11:17:53
85:上传文件【1】:  INSERT INTO `lkt_files_record` ( `store_id`, `store_type`, `group`, `upload_mode`, `image_name`) VALUES ('1', '0', '-1', '1', '1577675873944.png')  

日期：2019-12-30 11:18:01
85:上传文件【1】:  INSERT INTO `lkt_files_record` ( `store_id`, `store_type`, `group`, `upload_mode`, `image_name`) VALUES ('1', '0', '-1', '1', '1577675881977.png')  

日期：2019-12-30 11:25:39
85:上传文件【1】:  INSERT INTO `lkt_files_record` ( `store_id`, `store_type`, `group`, `upload_mode`, `image_name`) VALUES ('1', '0', '-1', '1', '1577676339401.png')  

日期：2019-12-30 11:26:08
85:上传文件【1】:  INSERT INTO `lkt_files_record` ( `store_id`, `store_type`, `group`, `upload_mode`, `image_name`) VALUES ('1', '0', '-1', '1', '1577676368882.png')  

日期：2019-12-30 11:33:36
85:上传文件【1】:  INSERT INTO `lkt_files_record` ( `store_id`, `store_type`, `group`, `upload_mode`, `image_name`) VALUES ('1', '0', '-1', '1', '1577676816701.png')  

日期：2019-12-30 11:33:41
136:修改基础配置成功！

日期：2019-12-30 11:42:30
85:上传文件【1】:  INSERT INTO `lkt_files_record` ( `store_id`, `store_type`, `group`, `upload_mode`, `image_name`) VALUES ('1', '0', '-1', '1', '1577677350226.png')  

日期：2019-12-30 11:42:32
136:修改基础配置成功！

日期：2019-12-30 11:51:59
85:上传文件【1】:  INSERT INTO `lkt_files_record` ( `store_id`, `store_type`, `group`, `upload_mode`, `image_name`) VALUES ('1', '0', '2', '1', '1577677919295.png')  

日期：2019-12-30 11:56:09
85:上传文件【1】:  INSERT INTO `lkt_files_record` ( `store_id`, `store_type`, `group`, `upload_mode`, `image_name`) VALUES ('1', '0', '-1', '1', '1577678169944.png')  

日期：2019-12-30 11:56:35
85:上传文件【1】:  INSERT INTO `lkt_files_record` ( `store_id`, `store_type`, `group`, `upload_mode`, `image_name`) VALUES ('1', '0', '-1', '1', '1577678195503.png')  

日期：2019-12-30 11:56:37
136:修改基础配置成功！

日期：2019-12-30 11:57:29
85:上传文件【1】:  INSERT INTO `lkt_files_record` ( `store_id`, `store_type`, `group`, `upload_mode`, `image_name`) VALUES ('1', '0', '-1', '1', '1577678249932.png')  

日期：2019-12-30 11:58:36
85:上传文件【1】:  INSERT INTO `lkt_files_record` ( `store_id`, `store_type`, `group`, `upload_mode`, `image_name`) VALUES ('1', '0', '-1', '1', '1577678316225.png')  

日期：2019-12-30 11:59:31
85:上传文件【1】:  INSERT INTO `lkt_files_record` ( `store_id`, `store_type`, `group`, `upload_mode`, `image_name`) VALUES ('1', '0', '-1', '1', '1577678371611.png')  

日期：2019-12-30 11:59:44
136:修改基础配置成功！

日期：2019-12-30 12:00:26
136:修改基础配置成功！

日期：2019-12-30 12:00:50
85:上传文件【1】:  INSERT INTO `lkt_files_record` ( `store_id`, `store_type`, `group`, `upload_mode`, `image_name`) VALUES ('1', '0', '-1', '1', '1577678450201.png')  

日期：2019-12-30 12:00:55
136:修改基础配置成功！

日期：2019-12-30 12:01:16
136:修改基础配置成功！

日期：2019-12-30 12:06:08
85:上传文件【1】:  INSERT INTO `lkt_files_record` ( `store_id`, `store_type`, `group`, `upload_mode`, `image_name`) VALUES ('1', '0', '-1', '1', '1577678768608.png')  

日期：2019-12-30 12:07:26
85:上传文件【1】:  INSERT INTO `lkt_files_record` ( `store_id`, `store_type`, `group`, `upload_mode`, `image_name`) VALUES ('1', '0', '-1', '1', '1577678846520.png')  

日期：2019-12-30 12:07:29
136:修改基础配置成功！

日期：2019-12-30 12:07:49
136:修改基础配置成功！

日期：2019-12-30 12:07:58
85:上传文件【1】:  INSERT INTO `lkt_files_record` ( `store_id`, `store_type`, `group`, `upload_mode`, `image_name`) VALUES ('1', '0', '-1', '1', '1577678878829.png')  

日期：2019-12-30 14:00:56
85:上传文件【1】:  INSERT INTO `lkt_files_record` ( `store_id`, `store_type`, `group`, `upload_mode`, `image_name`) VALUES ('1', '0', '-1', '1', '1577685656557.png')  

日期：2019-12-30 14:01:15
136:修改基础配置成功！

日期：2019-12-30 14:02:53
85:上传文件【1】:  INSERT INTO `lkt_files_record` ( `store_id`, `store_type`, `group`, `upload_mode`, `image_name`) VALUES ('1', '0', '-1', '1', '1577685773259.png')  

日期：2019-12-30 14:06:58
85:上传文件【1】:  INSERT INTO `lkt_files_record` ( `store_id`, `store_type`, `group`, `upload_mode`, `image_name`) VALUES ('1', '0', '-1', '1', '1577686018327.png')  

日期：2019-12-30 14:07:56
85:上传文件【1】:  INSERT INTO `lkt_files_record` ( `store_id`, `store_type`, `group`, `upload_mode`, `image_name`) VALUES ('1', '0', '-1', '1', '1577686076893.png')  

日期：2019-12-30 14:09:07
85:上传文件【1】:  INSERT INTO `lkt_files_record` ( `store_id`, `store_type`, `group`, `upload_mode`, `image_name`) VALUES ('1', '0', '-1', '1', '157768614716.png')  

日期：2019-12-30 14:11:47
85:上传文件【1】:  INSERT INTO `lkt_files_record` ( `store_id`, `store_type`, `group`, `upload_mode`, `image_name`) VALUES ('1', '0', '2', '1', '1577686307115.png')  

日期：2019-12-30 18:04:16
61:修改系统设置成功！ 

日期：2019-12-31 14:27:56
61:修改系统设置成功！ 

日期：2019-12-31 14:33:40
85:上传文件【1】:  INSERT INTO `lkt_files_record` ( `store_id`, `store_type`, `group`, `upload_mode`, `image_name`) VALUES ('1', '2', '-1', '1', '1577774020105.png')  

日期：2019-12-31 14:45:12
85:上传文件【1】:  INSERT INTO `lkt_files_record` ( `store_id`, `store_type`, `group`, `upload_mode`, `image_name`) VALUES ('1', '2', '-1', '1', '1577774712885.png')  

日期：2019-12-31 15:31:34
85:上传文件【1】:  INSERT INTO `lkt_files_record` ( `store_id`, `store_type`, `group`, `upload_mode`, `image_name`) VALUES ('1', '1', '-1', '1', '157777749473.png')  

日期：2019-12-31 15:37:51
85:上传文件【1】:  INSERT INTO `lkt_files_record` ( `store_id`, `store_type`, `group`, `upload_mode`, `image_name`) VALUES ('1', '1', '-1', '1', '1577777871262.jpeg')  

日期：2020-01-02 14:54:06
85:上传文件【1】:  INSERT INTO `lkt_files_record` ( `store_id`, `store_type`, `group`, `upload_mode`, `image_name`) VALUES ('1', '0', '-1', '1', '1577948046382.png')  

日期：2020-01-02 15:33:51
85:上传文件【1】:  INSERT INTO `lkt_files_record` ( `store_id`, `store_type`, `group`, `upload_mode`, `image_name`) VALUES ('1', '0', '-1', '1', '1577950431182.png')  

日期：2020-01-02 15:33:55
136:修改基础配置成功！

日期：2020-01-02 15:34:35
136:修改基础配置成功！

日期：2020-01-02 15:34:49
136:修改基础配置成功！

日期：2020-01-02 16:06:53
85:上传文件【1】:  INSERT INTO `lkt_files_record` ( `store_id`, `store_type`, `group`, `upload_mode`, `image_name`) VALUES ('1', '0', '-1', '1', '1577952413698.png')  

日期：2020-01-02 16:17:31
85:上传文件【1】:  INSERT INTO `lkt_files_record` ( `store_id`, `store_type`, `group`, `upload_mode`, `image_name`) VALUES ('1', '0', '-1', '1', '1577953051932.png')  

日期：2020-01-02 16:18:09
85:上传文件【1】:  INSERT INTO `lkt_files_record` ( `store_id`, `store_type`, `group`, `upload_mode`, `image_name`) VALUES ('1', '0', '-1', '1', '1577953089922.png')  

