日期：2019-12-30 12:11:44
mchAction::apply->276会员user329申请开通店铺时，身份证号码错误！
日期：2019-12-30 12:11:58
mchAction::apply->276会员user329申请开通店铺时，身份证号码错误！
日期：2019-12-30 12:12:02
mchAction::apply->325会员user329申请开通店铺成功！
日期：2019-12-30 19:31:29
mchAction::apply->276会员user330申请开通店铺时，身份证号码错误！
日期：2019-12-30 19:31:41
mchAction::apply->276会员user330申请开通店铺时，身份证号码错误！
日期：2019-12-30 19:31:55
mchAction::apply->325会员user330申请开通店铺成功！
日期：2019-12-31 14:42:53
mchAction::collection_shop->2613会员user331添加收藏，店铺ID为1成功！
日期：2019-12-31 14:43:11
mchAction::collection_shop->2613会员user331添加收藏，店铺ID为9成功！
日期：2019-12-31 14:48:13
mchAction::collection_shop->2591会员user331取消收藏，店铺ID为undefined成功！
日期：2019-12-31 14:48:46
mchAction::del->749会员离开上传商品页面，删除商品编号失败！
日期：2019-12-31 14:48:46
mchAction::my_wallet->4693会员user331没有店铺！
日期：2019-12-31 14:48:50
mchAction::account_details->4756会员user331没有店铺！
日期：2019-12-31 14:48:53
mchAction::account_details->4756会员user331没有店铺！
日期：2019-12-31 14:48:53
mchAction::account_details->4756会员user331没有店铺！
日期：2019-12-31 14:48:53
mchAction::account_details->4756会员user331没有店铺！
日期：2019-12-31 14:49:04
mchAction::return_page->4186会员user331没有店铺！
日期：2019-12-31 14:49:31
mchAction::add_store->4923会员user331没有店铺！
日期：2019-12-31 15:42:37
mchAction::collection_shop->2613会员user332添加收藏，店铺ID为1成功！
日期：2019-12-31 15:42:55
mchAction::collection_shop->2613会员user332添加收藏，店铺ID为9成功！
日期：2019-12-31 15:47:56
mchAction::collection_shop->2591会员user332取消收藏，店铺ID为undefined成功！
日期：2019-12-31 15:48:29
mchAction::del->749会员离开上传商品页面，删除商品编号失败！
日期：2019-12-31 15:48:29
mchAction::my_wallet->4693会员user332没有店铺！
日期：2019-12-31 15:48:34
mchAction::account_details->4756会员user332没有店铺！
日期：2019-12-31 15:48:37
mchAction::account_details->4756会员user332没有店铺！
日期：2019-12-31 15:48:37
mchAction::account_details->4756会员user332没有店铺！
日期：2019-12-31 15:48:37
mchAction::account_details->4756会员user332没有店铺！
日期：2019-12-31 15:48:47
mchAction::return_page->4186会员user332没有店铺！
日期：2019-12-31 15:49:15
mchAction::add_store->4923会员user332没有店铺！
日期：2019-12-31 15:50:41
mchAction::collection_shop->2613会员user333添加收藏，店铺ID为1成功！
日期：2019-12-31 15:50:58
mchAction::collection_shop->2613会员user333添加收藏，店铺ID为9成功！
日期：2019-12-31 15:55:59
mchAction::collection_shop->2591会员user333取消收藏，店铺ID为undefined成功！
日期：2019-12-31 15:56:32
mchAction::del->749会员离开上传商品页面，删除商品编号失败！
日期：2019-12-31 15:56:32
mchAction::my_wallet->4693会员user333没有店铺！
日期：2019-12-31 15:56:37
mchAction::account_details->4756会员user333没有店铺！
日期：2019-12-31 15:56:40
mchAction::account_details->4756会员user333没有店铺！
日期：2019-12-31 15:56:40
mchAction::account_details->4756会员user333没有店铺！
日期：2019-12-31 15:56:40
mchAction::account_details->4756会员user333没有店铺！
日期：2019-12-31 15:56:50
mchAction::return_page->4186会员user333没有店铺！
日期：2019-12-31 15:57:17
mchAction::add_store->4923会员user333没有店铺！
日期：2019-12-31 16:29:25
mchAction::del->749会员大象离开上传商品页面，删除商品编号失败！
日期：2019-12-31 16:30:51
mchAction::del->749会员大象离开上传商品页面，删除商品编号失败！
日期：2019-12-31 16:59:38
mchAction::del->749会员大象离开上传商品页面，删除商品编号失败！
日期：2019-12-31 17:04:14
mchAction::del->749会员大象离开上传商品页面，删除商品编号失败！
日期：2019-12-31 17:58:30
mchAction::upload_merchandise->1290会员user330上传商品时，请选择支持活动类型！
日期：2019-12-31 17:58:33
mchAction::upload_merchandise->1290会员user330上传商品时，请选择支持活动类型！
日期：2019-12-31 17:58:34
mchAction::upload_merchandise->1290会员user330上传商品时，请选择支持活动类型！
日期：2019-12-31 17:58:41
mchAction::upload_merchandise->1290会员user330上传商品时，请选择支持活动类型！
日期：2019-12-31 17:58:42
mchAction::upload_merchandise->1290会员user330上传商品时，请选择支持活动类型！
日期：2019-12-31 17:58:43
mchAction::upload_merchandise->1290会员user330上传商品时，请选择支持活动类型！
日期：2019-12-31 17:58:45
mchAction::upload_merchandise->1429会员user330添加商品是是是！
日期：2019-12-31 17:58:47
mchAction::del->749会员大象离开上传商品页面，删除商品编号失败！
日期：2019-12-31 18:02:46
mchAction::apply->325会员user330申请开通店铺成功！
日期：2019-12-31 18:32:04
mchAction::del->749会员大象离开上传商品页面，删除商品编号失败！
日期：2019-12-31 18:36:07
mchAction::del->749会员大象离开上传商品页面，删除商品编号失败！
日期：2019-12-31 19:02:08
mchAction::del->749会员大象离开上传商品页面，删除商品编号失败！
日期：2019-12-31 19:04:20
mchAction::del->749会员大象离开上传商品页面，删除商品编号失败！
日期：2019-12-31 20:28:16
mchAction::del->749会员大象离开上传商品页面，删除商品编号失败！
日期：2019-12-31 20:37:10
mchAction::del->749会员大象离开上传商品页面，删除商品编号失败！
日期：2020-01-02 10:44:47
mchAction::del->749会员大象离开上传商品页面，删除商品编号失败！
日期：2020-01-02 12:17:29
mchAction::del->749会员大象离开上传商品页面，删除商品编号失败！
日期：2020-01-02 12:21:07
mchAction::upload_merchandise->1429会员user330添加商品嗯嗯！
日期：2020-01-02 12:21:09
mchAction::del->749会员大象离开上传商品页面，删除商品编号失败！
日期：2020-01-02 12:21:13
mchAction::del->749会员大象离开上传商品页面，删除商品编号失败！
日期：2020-01-02 13:13:29
mchAction::apply->325会员user327申请开通店铺成功！
日期：2020-01-02 13:18:18
mchAction::apply->325会员user337申请开通店铺成功！
日期：2020-01-02 14:01:39
mchAction::collection_shop->2613会员user338添加收藏，店铺ID为1成功！
日期：2020-01-02 14:05:39
mchAction::del->749会员大象离开上传商品页面，删除商品编号失败！
日期：2020-01-02 14:05:45
mchAction::del->749会员大象离开上传商品页面，删除商品编号失败！
日期：2020-01-02 14:07:20
mchAction::upload_merchandise->1429会员user337添加商品人做最去整容！
日期：2020-01-02 14:07:22
mchAction::del->749会员大象离开上传商品页面，删除商品编号失败！
日期：2020-01-02 14:08:05
mchAction::del->749会员离开上传商品页面，删除商品编号失败！
日期：2020-01-02 14:08:09
mchAction::my_wallet->4693会员user338没有店铺！
日期：2020-01-02 14:08:14
mchAction::account_details->4756会员user338没有店铺！
日期：2020-01-02 14:08:17
mchAction::account_details->4756会员user338没有店铺！
日期：2020-01-02 14:08:17
mchAction::account_details->4756会员user338没有店铺！
日期：2020-01-02 14:08:17
mchAction::account_details->4756会员user338没有店铺！
日期：2020-01-02 14:08:26
mchAction::set_shop->2777会员user338没有店铺！
日期：2020-01-02 14:08:27
mchAction::return_page->4186会员user338没有店铺！
日期：2020-01-02 14:08:51
mchAction::add_store->4923会员user338没有店铺！
日期：2020-01-02 14:11:23
mchAction::up_stock->1679会员user337修改商品ID为531属性ID为1790的库存时，修改成功！
日期：2020-01-02 14:11:23
mchAction::up_stock->1693会员user337修改商品ID为531的库存时，修改成功！
日期：2020-01-02 14:12:20
mchAction::set_shop->2762会员user337设置店铺ID为83成功！
日期：2020-01-02 14:17:09
mchAction::add_store->4876会员user337添加门店时，营业时间有误！
日期：2020-01-02 14:17:10
mchAction::add_store->4876会员user337添加门店时，营业时间有误！
日期：2020-01-02 14:17:18
mchAction::add_store->4902会员user337添加门店成功！
日期：2020-01-02 14:18:23
mchAction::del->749会员大象离开上传商品页面，删除商品编号失败！
日期：2020-01-02 14:33:32
mchAction::del->749会员大象离开上传商品页面，删除商品编号失败！
日期：2020-01-02 14:48:59
mchAction::del->749会员大象离开上传商品页面，删除商品编号失败！
日期：2020-01-02 14:55:24
mchAction::del->749会员大象离开上传商品页面，删除商品编号失败！
日期：2020-01-02 14:55:39
mchAction::submit_audit->1749会员user330提交或撤销商品ID为530的审核成功！
日期：2020-01-02 14:55:43
mchAction::del_my_merchandise->1807会员user330删除商品ID为530成功！
日期：2020-01-02 14:56:16
mchAction::add_store->4867会员user330添加门店时，联系电话有误！
日期：2020-01-02 14:56:25
mchAction::add_store->4902会员user330添加门店成功！
日期：2020-01-02 14:56:34
mchAction::edit_store->5045会员user330编辑门店成功！
日期：2020-01-02 14:56:49
mchAction::edit_store->5045会员user330编辑门店成功！
日期：2020-01-02 15:53:43
mchAction::del->749会员大象离开上传商品页面，删除商品编号失败！
日期：2020-01-02 15:53:49
mchAction::submit_audit->1749会员user330提交或撤销商品ID为529的审核成功！
日期：2020-01-02 15:53:53
mchAction::del_my_merchandise->1807会员user330删除商品ID为529成功！
日期：2020-01-02 15:55:54
mchAction::del->749会员秘密离开上传商品页面，删除商品编号失败！
日期：2020-01-02 16:05:09
mchAction::del->749会员大象离开上传商品页面，删除商品编号失败！
日期：2020-01-02 16:05:19
mchAction::del->749会员大象离开上传商品页面，删除商品编号失败！
日期：2020-01-02 16:07:47
mchAction::del->749会员大象离开上传商品页面，删除商品编号失败！
日期：2020-01-02 16:08:56
mchAction::my_wallet->4687会员user327店铺ID为82与传过来的店铺ID80不一致！
日期：2020-01-02 16:20:36
mchAction::del->749会员大象离开上传商品页面，删除商品编号失败！
日期：2020-01-02 16:21:35
mchAction::del->749会员大象离开上传商品页面，删除商品编号失败！
日期：2020-01-02 17:09:02
mchAction::del->749会员秘密离开上传商品页面，删除商品编号失败！
日期：2020-01-03 12:13:16
mchAction::collection_shop->2613会员user339添加收藏，店铺ID为1成功！
日期：2020-01-03 12:19:54
mchAction::del->749会员离开上传商品页面，删除商品编号失败！
日期：2020-01-03 12:19:59
mchAction::my_wallet->4693会员user339没有店铺！
日期：2020-01-03 12:20:03
mchAction::account_details->4756会员user339没有店铺！
日期：2020-01-03 12:20:07
mchAction::account_details->4756会员user339没有店铺！
日期：2020-01-03 12:20:07
mchAction::account_details->4756会员user339没有店铺！
日期：2020-01-03 12:20:07
mchAction::account_details->4756会员user339没有店铺！
日期：2020-01-03 12:20:16
mchAction::set_shop->2777会员user339没有店铺！
日期：2020-01-03 12:20:17
mchAction::return_page->4186会员user339没有店铺！
日期：2020-01-03 12:20:42
mchAction::add_store->4923会员user339没有店铺！
日期：2020-01-06 08:41:15
mchAction::upload_merchandise->1244会员user330上传商品时，成本价不能大于售价！
日期：2020-01-06 08:41:17
mchAction::upload_merchandise->1244会员user330上传商品时，成本价不能大于售价！
日期：2020-01-06 08:41:21
mchAction::upload_merchandise->1244会员user330上传商品时，成本价不能大于售价！
日期：2020-01-06 08:41:22
mchAction::upload_merchandise->1244会员user330上传商品时，成本价不能大于售价！
日期：2020-01-06 08:41:23
mchAction::upload_merchandise->1244会员user330上传商品时，成本价不能大于售价！
日期：2020-01-06 08:41:23
mchAction::del->749会员大象离开上传商品页面，删除商品编号失败！
日期：2020-01-06 08:41:33
mchAction::del->749会员大象离开上传商品页面，删除商品编号失败！
日期：2020-01-06 09:52:15
mchAction::del->749会员大象离开上传商品页面，删除商品编号失败！
日期：2020-01-06 09:54:35
mchAction::upload_merchandise->1429会员user330添加商品哦POS你！
日期：2020-01-06 09:54:37
mchAction::del->749会员大象离开上传商品页面，删除商品编号失败！
日期：2020-01-06 09:54:46
mchAction::submit_audit->1749会员user330提交或撤销商品ID为532的审核成功！
日期：2020-01-06 09:54:51
mchAction::del_my_merchandise->1807会员user330删除商品ID为532成功！
日期：2020-01-06 09:57:37
mchAction::upload_merchandise->1429会员user330添加商品美颜手机！
日期：2020-01-06 09:57:38
mchAction::del->749会员大象离开上传商品页面，删除商品编号失败！
日期：2020-01-06 09:57:58
mchAction::del->749会员大象离开上传商品页面，删除商品编号失败！
日期：2020-01-06 10:14:44
mchAction::up_stock->1679会员user330修改商品ID为533属性ID为1792的库存时，修改成功！
日期：2020-01-06 10:14:44
mchAction::up_stock->1693会员user330修改商品ID为533的库存时，修改成功！
日期：2020-01-06 10:15:35
mchAction::collection_shop->2613会员user330添加收藏，店铺ID为80成功！
日期：2020-01-06 10:33:13
mchAction::collection_shop->2591会员user331取消收藏，店铺ID为1成功！
日期：2020-01-06 10:39:21
mchAction::del->749会员离开上传商品页面，删除商品编号失败！
日期：2020-01-06 10:39:25
mchAction::del->749会员大象离开上传商品页面，删除商品编号失败！
日期：2020-01-06 10:39:26
mchAction::my_wallet->4693会员user331没有店铺！
日期：2020-01-06 10:39:30
mchAction::account_details->4756会员user331没有店铺！
日期：2020-01-06 10:39:33
mchAction::account_details->4756会员user331没有店铺！
日期：2020-01-06 10:39:33
mchAction::account_details->4756会员user331没有店铺！
日期：2020-01-06 10:39:33
mchAction::account_details->4756会员user331没有店铺！
日期：2020-01-06 10:39:41
mchAction::my_merchandise_status->1872会员user330商品ID为533下架成功！
日期：2020-01-06 10:39:42
mchAction::set_shop->2777会员user331没有店铺！
日期：2020-01-06 10:39:43
mchAction::return_page->4186会员user331没有店铺！
日期：2020-01-06 10:40:08
mchAction::add_store->4923会员user331没有店铺！
日期：2020-01-06 10:42:33
mchAction::upload_merchandise->1429会员user330添加商品QQ！
日期：2020-01-06 10:42:35
mchAction::del->749会员大象离开上传商品页面，删除商品编号失败！
日期：2020-01-06 10:42:45
mchAction::submit_audit->1749会员user330提交或撤销商品ID为534的审核成功！
日期：2020-01-06 10:42:48
mchAction::del_my_merchandise->1807会员user330删除商品ID为534成功！
日期：2020-01-06 10:43:44
mchAction::del->749会员大象离开上传商品页面，删除商品编号失败！
日期：2020-01-06 10:43:45
mchAction::del_my_merchandise->1807会员user330删除商品ID为533成功！
日期：2020-01-06 11:35:17
mchAction::collection_shop->2613会员user341添加收藏，店铺ID为1成功！
日期：2020-01-06 11:41:46
mchAction::del->749会员离开上传商品页面，删除商品编号失败！
日期：2020-01-06 11:41:50
mchAction::my_wallet->4693会员user341没有店铺！
日期：2020-01-06 11:41:55
mchAction::account_details->4756会员user341没有店铺！
日期：2020-01-06 11:41:58
mchAction::account_details->4756会员user341没有店铺！
日期：2020-01-06 11:41:58
mchAction::account_details->4756会员user341没有店铺！
日期：2020-01-06 11:41:58
mchAction::account_details->4756会员user341没有店铺！
日期：2020-01-06 11:42:07
mchAction::set_shop->2777会员user341没有店铺！
日期：2020-01-06 11:42:08
mchAction::return_page->4186会员user341没有店铺！
日期：2020-01-06 11:42:32
mchAction::add_store->4923会员user341没有店铺！
