0:0:0:0:0:0:0:1 -  -  [28/八月/2019:10:40:47 +0000] "POST /sf/waybill/print?type=V3.0.FM_poster_100mm210mm&output=image HTTP/1.1" 200 605721 
0:0:0:0:0:0:0:1 -  -  [29/八月/2019:06:37:30 +0000] "POST /sf/waybill/print?type=V3.0.FM_poster_100mm210mm&output=image HTTP/1.1" 200 605845 
0:0:0:0:0:0:0:1 -  -  [29/八月/2019:07:10:20 +0000] "POST /sf/waybill/print?type=V3.0.FM_poster_100mm210mm&output=image HTTP/1.1" 200 605533 
0:0:0:0:0:0:0:1 -  -  [29/八月/2019:07:31:20 +0000] "POST /sf/waybill/print?type=V3.0.FM_poster_100mm210mm&output=image HTTP/1.1" 200 605725 
0:0:0:0:0:0:0:1 -  -  [29/八月/2019:07:31:53 +0000] "POST /sf/waybill/print?type=V3.0.FM_poster_100mm210mm&output=image HTTP/1.1" 200 605777 
0:0:0:0:0:0:0:1 -  -  [29/八月/2019:07:33:10 +0000] "POST /sf/waybill/print?type=V3.0.FM_poster_100mm210mm&output=image HTTP/1.1" 200 605769 
0:0:0:0:0:0:0:1 -  -  [29/八月/2019:07:33:32 +0000] "POST /sf/waybill/print?type=V3.0.FM_poster_100mm210mm&output=image HTTP/1.1" 200 605745 
0:0:0:0:0:0:0:1 -  -  [29/八月/2019:07:34:47 +0000] "POST /sf/waybill/print?type=V3.0.FM_poster_100mm210mm&output=image HTTP/1.1" 200 606033 
0:0:0:0:0:0:0:1 -  -  [29/八月/2019:07:35:03 +0000] "POST /sf/waybill/print?type=V3.0.FM_poster_100mm210mm&output=image HTTP/1.1" 200 596677 
0:0:0:0:0:0:0:1 -  -  [29/八月/2019:07:35:57 +0000] "POST /sf/waybill/print?type=V3.0.FM_poster_100mm210mm&output=image HTTP/1.1" 200 596765 
0:0:0:0:0:0:0:1 -  -  [29/八月/2019:07:37:34 +0000] "POST /sf/waybill/print?type=V3.0.FM_poster_100mm210mm&output=image HTTP/1.1" 200 596885 
0:0:0:0:0:0:0:1 -  -  [29/八月/2019:07:39:08 +0000] "POST /sf/waybill/print?type=V3.0.FM_poster_100mm210mm&output=image HTTP/1.1" 200 596633 
0:0:0:0:0:0:0:1 -  -  [29/八月/2019:07:39:51 +0000] "POST /sf/waybill/print?type=V3.0.FM_poster_100mm210mm&output=image HTTP/1.1" 200 596697 
0:0:0:0:0:0:0:1 -  -  [29/八月/2019:07:11:33 +0000] "POST /sf/waybill/print?type=V3.0.FM_poster_100mm210mm&output=print HTTP/1.1" 200 68 
0:0:0:0:0:0:0:1 -  -  [29/八月/2019:08:18:49 +0000] "POST /sf/waybill/print?type=V3.0.FM_poster_100mm210mm&output=image HTTP/1.1" 200 596661 
0:0:0:0:0:0:0:1 -  -  [29/八月/2019:08:19:28 +0000] "POST /sf/waybill/print?type=V3.0.FM_poster_100mm210mm&output=image HTTP/1.1" 200 596469 
0:0:0:0:0:0:0:1 -  -  [29/八月/2019:08:19:36 +0000] "POST /sf/waybill/print?type=V3.0.FM_poster_100mm210mm&output=image HTTP/1.1" 200 596657 
0:0:0:0:0:0:0:1 -  -  [29/八月/2019:08:47:28 +0000] "POST /sf/waybill/print?type=V3.0.FM_poster_100mm210mm&output=image HTTP/1.1" 200 596741 
0:0:0:0:0:0:0:1 -  -  [30/八月/2019:07:12:29 +0000] "POST /sf/waybill/print?type=V3.0.FM_poster_100mm210mm&output=image HTTP/1.1" 200 596709 
0:0:0:0:0:0:0:1 -  -  [30/八月/2019:07:13:05 +0000] "POST /sf/waybill/print?type=V3.0.FM_poster_100mm210mm&output=image HTTP/1.1" 200 596705 
0:0:0:0:0:0:0:1 -  -  [30/八月/2019:07:13:17 +0000] "POST /sf/waybill/print?type=V3.0.FM_poster_100mm210mm&output=image HTTP/1.1" 200 596777 
0:0:0:0:0:0:0:1 -  -  [30/八月/2019:07:13:45 +0000] "POST /sf/waybill/print?type=V3.0.FM_poster_100mm210mm&output=image HTTP/1.1" 200 596809 
0:0:0:0:0:0:0:1 -  -  [30/八月/2019:07:38:58 +0000] "POST /sf/waybill/print?type=V3.0.FM_poster_100mm210mm&output=image HTTP/1.1" 200 596713 
0:0:0:0:0:0:0:1 -  -  [30/八月/2019:07:43:26 +0000] "POST /sf/waybill/print?type=V3.0.FM_poster_100mm210mm&output=image HTTP/1.1" 200 596977 
0:0:0:0:0:0:0:1 -  -  [30/八月/2019:07:50:43 +0000] "POST /sf/waybill/print?type=V3.0.FM_poster_100mm210mm&output=image HTTP/1.1" 200 596837 
0:0:0:0:0:0:0:1 -  -  [30/八月/2019:07:52:08 +0000] "POST /sf/waybill/print?type=V3.0.FM_poster_100mm210mm&output=image HTTP/1.1" 200 596673 
0:0:0:0:0:0:0:1 -  -  [30/八月/2019:07:53:18 +0000] "POST /sf/waybill/print?type=V3.0.FM_poster_100mm210mm&output=image HTTP/1.1" 200 596721 
0:0:0:0:0:0:0:1 -  -  [30/八月/2019:07:54:12 +0000] "POST /sf/waybill/print?type=V3.0.FM_poster_100mm210mm&output=image HTTP/1.1" 200 596825 
0:0:0:0:0:0:0:1 -  -  [30/八月/2019:07:54:34 +0000] "POST /sf/waybill/print?type=V3.0.FM_poster_100mm210mm&output=image HTTP/1.1" 200 596825 
0:0:0:0:0:0:0:1 -  -  [30/八月/2019:07:57:21 +0000] "POST /sf/waybill/print?type=V3.0.FM_poster_100mm210mm&output=image HTTP/1.1" 200 596801 
0:0:0:0:0:0:0:1 -  -  [30/八月/2019:07:58:56 +0000] "POST /sf/waybill/print?type=V3.0.FM_poster_100mm210mm&output=image HTTP/1.1" 200 596841 
0:0:0:0:0:0:0:1 -  -  [30/八月/2019:07:59:50 +0000] "POST /sf/waybill/print?type=V3.0.FM_poster_100mm210mm&output=image HTTP/1.1" 200 596697 
0:0:0:0:0:0:0:1 -  -  [30/八月/2019:08:00:18 +0000] "POST /sf/waybill/print?type=V3.0.FM_poster_100mm210mm&output=image HTTP/1.1" 200 596689 
0:0:0:0:0:0:0:1 -  -  [30/八月/2019:08:01:35 +0000] "POST /sf/waybill/print?type=V3.0.FM_poster_100mm210mm&output=image HTTP/1.1" 200 596825 
0:0:0:0:0:0:0:1 -  -  [30/八月/2019:08:01:48 +0000] "POST /sf/waybill/print?type=V3.0.FM_poster_100mm210mm&output=image HTTP/1.1" 200 596789 
0:0:0:0:0:0:0:1 -  -  [30/八月/2019:08:02:01 +0000] "POST /sf/waybill/print?type=V3.0.FM_poster_100mm210mm&output=image HTTP/1.1" 200 596701 
0:0:0:0:0:0:0:1 -  -  [30/八月/2019:08:02:09 +0000] "POST /sf/waybill/print?type=V3.0.FM_poster_100mm210mm&output=image HTTP/1.1" 200 596685 
0:0:0:0:0:0:0:1 -  -  [30/八月/2019:08:02:22 +0000] "POST /sf/waybill/print?type=V3.0.FM_poster_100mm210mm&output=image HTTP/1.1" 200 596713 
0:0:0:0:0:0:0:1 -  -  [30/八月/2019:08:02:29 +0000] "POST /sf/waybill/print?type=V3.0.FM_poster_100mm210mm&output=image HTTP/1.1" 200 596701 
0:0:0:0:0:0:0:1 -  -  [30/八月/2019:08:02:39 +0000] "POST /sf/waybill/print?type=V3.0.FM_poster_100mm210mm&output=image HTTP/1.1" 200 596697 
0:0:0:0:0:0:0:1 -  -  [30/八月/2019:08:02:47 +0000] "POST /sf/waybill/print?type=V3.0.FM_poster_100mm210mm&output=image HTTP/1.1" 200 596925 
0:0:0:0:0:0:0:1 -  -  [30/八月/2019:08:03:03 +0000] "POST /sf/waybill/print?type=V3.0.FM_poster_100mm210mm&output=image HTTP/1.1" 200 596653 
0:0:0:0:0:0:0:1 -  -  [30/八月/2019:08:06:00 +0000] "POST /sf/waybill/print?type=V3.0.FM_poster_100mm210mm&output=image HTTP/1.1" 200 596661 
0:0:0:0:0:0:0:1 -  -  [30/八月/2019:08:06:12 +0000] "POST /sf/waybill/print?type=V3.0.FM_poster_100mm210mm&output=image HTTP/1.1" 200 596705 
0:0:0:0:0:0:0:1 -  -  [30/八月/2019:08:06:36 +0000] "POST /sf/waybill/print?type=V3.0.FM_poster_100mm210mm&output=image HTTP/1.1" 200 596689 
0:0:0:0:0:0:0:1 -  -  [30/八月/2019:08:32:36 +0000] "POST /sf/waybill/print?type=V3.0.FM_poster_100mm210mm&output=image HTTP/1.1" 500 3420 
0:0:0:0:0:0:0:1 -  -  [30/八月/2019:08:33:33 +0000] "POST /sf/waybill/print?type=V3.0.FM_poster_100mm210mm&output=image HTTP/1.1" 500 3420 
0:0:0:0:0:0:0:1 -  -  [30/八月/2019:08:34:01 +0000] "POST /sf/waybill/print?type=V3.0.FM_poster_100mm210mm&output=image HTTP/1.1" 200 596797 
0:0:0:0:0:0:0:1 -  -  [30/八月/2019:08:34:30 +0000] "POST /sf/waybill/print?type=V3.0.FM_poster_100mm210mm&output=image HTTP/1.1" 200 542477 
0:0:0:0:0:0:0:1 -  -  [30/八月/2019:08:46:43 +0000] "POST /sf/waybill/print?type=V3.0.FM_poster_100mm210mm&output=image HTTP/1.1" 500 3420 
0:0:0:0:0:0:0:1 -  -  [30/八月/2019:08:46:57 +0000] "POST /sf/waybill/print?type=V3.0.FM_poster_100mm210mm&output=image HTTP/1.1" 200 329717 
0:0:0:0:0:0:0:1 -  -  [30/八月/2019:08:47:06 +0000] "POST /sf/waybill/print?type=V3.0.FM_poster_100mm210mm&output=image HTTP/1.1" 500 3420 
0:0:0:0:0:0:0:1 -  -  [30/八月/2019:08:47:29 +0000] "POST /sf/waybill/print?type=V3.0.FM_poster_100mm210mm&output=image HTTP/1.1" 500 3420 
0:0:0:0:0:0:0:1 -  -  [30/八月/2019:08:47:51 +0000] "POST /sf/waybill/print?type=V3.0.FM_poster_100mm210mm&output=image HTTP/1.1" 200 329717 
0:0:0:0:0:0:0:1 -  -  [30/八月/2019:08:48:01 +0000] "POST /sf/waybill/print?type=V3.0.FM_poster_100mm210mm&output=image HTTP/1.1" 200 329717 
0:0:0:0:0:0:0:1 -  -  [30/八月/2019:09:09:48 +0000] "POST /sf/waybill/print?type=V2.0.FM_poster_100mm150mm&output=image HTTP/1.1" 200 214733 
0:0:0:0:0:0:0:1 -  -  [30/八月/2019:09:11:57 +0000] "POST /sf/waybill/print?type=V2.0.FM_poster_100mm150mm&output=image HTTP/1.1" 200 206429 
0:0:0:0:0:0:0:1 -  -  [30/八月/2019:09:14:30 +0000] "POST /sf/waybill/print?type=V2.0.FM_poster_100mm150mm&output=image HTTP/1.1" 200 450709 
0:0:0:0:0:0:0:1 -  -  [30/八月/2019:09:55:04 +0000] "POST /sf/waybill/print?type=V2.0.FM_poster_100mm150mm&output=image HTTP/1.1" 500 3148 
0:0:0:0:0:0:0:1 -  -  [30/八月/2019:09:55:17 +0000] "POST /sf/waybill/print?type=V2.0.FM_poster_100mm150mm&output=image HTTP/1.1" 500 3148 
0:0:0:0:0:0:0:1 -  -  [30/八月/2019:10:51:16 +0000] "POST /sf/waybill/print?type=V2.0.FM_poster_100mm150mm&output=image HTTP/1.1" 200 43 
0:0:0:0:0:0:0:1 -  -  [02/九月/2019:01:24:43 +0000] "POST /sf/waybill/print?type=V2.0.FM_poster_100mm150mm&output=image HTTP/1.1" 200 458681 
0:0:0:0:0:0:0:1 -  -  [02/九月/2019:01:26:45 +0000] "POST /sf/waybill/print?type=V2.0.FM_poster_100mm150mm&output=image HTTP/1.1" 200 458809 
0:0:0:0:0:0:0:1 -  -  [02/九月/2019:01:27:59 +0000] "POST /sf/waybill/print?type=V2.0.FM_poster_100mm150mm&output=image HTTP/1.1" 200 458645 
0:0:0:0:0:0:0:1 -  -  [02/九月/2019:03:26:38 +0000] "POST /sf/waybill/print?type=V2.0.FM_poster_100mm150mm&output=image HTTP/1.1" 200 43 
0:0:0:0:0:0:0:1 -  -  [02/九月/2019:03:27:31 +0000] "POST /sf/waybill/print?type=V2.0.FM_poster_100mm150mm&output=image HTTP/1.1" 200 43 
0:0:0:0:0:0:0:1 -  -  [02/九月/2019:03:28:29 +0000] "POST /sf/waybill/print?type=V2.0.FM_poster_100mm150mm&output=image HTTP/1.1" 200 43 
0:0:0:0:0:0:0:1 -  -  [02/九月/2019:03:30:57 +0000] "POST /sf/waybill/print?type=V2.0.FM_poster_100mm150mm&output=image HTTP/1.1" 200 43 
0:0:0:0:0:0:0:1 -  -  [02/九月/2019:03:31:02 +0000] "POST /sf/waybill/print?type=V2.0.FM_poster_100mm150mm&output=image HTTP/1.1" 200 43 
0:0:0:0:0:0:0:1 -  -  [02/九月/2019:03:37:21 +0000] "POST /sf/waybill/print?type=V2.0.FM_poster_100mm150mm&output=image HTTP/1.1" 200 458701 
0:0:0:0:0:0:0:1 -  -  [02/九月/2019:03:41:06 +0000] "GET /sf/waybill/print?type=V2.0.FM_poster_100mm150mm&output=image HTTP/1.1" 200 0 
0:0:0:0:0:0:0:1 -  -  [02/九月/2019:03:41:07 +0000] "GET /favicon.ico HTTP/1.1" 404 1397 
0:0:0:0:0:0:0:1 -  -  [02/九月/2019:03:41:34 +0000] "POST /sf/waybill/print?type=V2.0.FM_poster_100mm150mm&output=image HTTP/1.1" 200 43 
0:0:0:0:0:0:0:1 -  -  [02/九月/2019:03:44:55 +0000] "POST /sf/waybill/print?type=V2.0.FM_poster_100mm150mm&output=image HTTP/1.1" 200 43 
0:0:0:0:0:0:0:1 -  -  [02/九月/2019:03:46:17 +0000] "POST /sf/waybill/print?type=V2.0.FM_poster_100mm150mm&output=image HTTP/1.1" 200 43 
0:0:0:0:0:0:0:1 -  -  [02/九月/2019:03:47:06 +0000] "POST /sf/waybill/print?type=V2.0.FM_poster_100mm150mm&output=image HTTP/1.1" 200 43 
0:0:0:0:0:0:0:1 -  -  [02/九月/2019:03:47:24 +0000] "GET /sf/waybill/print?type=V2.0.FM_poster_100mm150mm&output=image HTTP/1.1" 200 0 
0:0:0:0:0:0:0:1 -  -  [02/九月/2019:03:47:27 +0000] "GET / HTTP/1.1" 200 1437 
0:0:0:0:0:0:0:1 -  -  [02/九月/2019:03:48:00 +0000] "GET /images/ HTTP/1.1" 200 1085 
0:0:0:0:0:0:0:1 -  -  [02/九月/2019:03:48:00 +0000] "GET /images/edit1.png HTTP/1.1" 200 4130 
0:0:0:0:0:0:0:1 -  -  [02/九月/2019:03:48:03 +0000] "GET / HTTP/1.1" 200 1437 
0:0:0:0:0:0:0:1 -  -  [02/九月/2019:03:48:04 +0000] "GET /FM/ HTTP/1.1" 200 3016 
0:0:0:0:0:0:0:1 -  -  [02/九月/2019:03:48:06 +0000] "GET / HTTP/1.1" 200 1437 
0:0:0:0:0:0:0:1 -  -  [02/九月/2019:03:48:07 +0000] "GET /WEB-INF/ HTTP/1.1" 404 1394 
0:0:0:0:0:0:0:1 -  -  [02/九月/2019:03:48:11 +0000] "GET /getWaybills.css HTTP/1.1" 200 5449 
0:0:0:0:0:0:0:1 -  -  [02/九月/2019:03:48:14 +0000] "GET /getWaybills.html HTTP/1.1" 200 60679 
0:0:0:0:0:0:0:1 -  -  [02/九月/2019:03:48:14 +0000] "GET /js/bootstrapValidator.css HTTP/1.1" 200 493 
0:0:0:0:0:0:0:1 -  -  [02/九月/2019:03:48:14 +0000] "GET /printImg.css HTTP/1.1" 200 75 
0:0:0:0:0:0:0:1 -  -  [02/九月/2019:03:48:14 +0000] "GET /js/jquery-3.2.1.min.js HTTP/1.1" 200 86663 
0:0:0:0:0:0:0:1 -  -  [02/九月/2019:03:48:14 +0000] "GET /js/jQuery.print.js HTTP/1.1" 200 9723 
0:0:0:0:0:0:0:1 -  -  [02/九月/2019:03:48:14 +0000] "GET /images/logo.png HTTP/1.1" 200 2255 
0:0:0:0:0:0:0:1 -  -  [02/九月/2019:03:48:14 +0000] "GET /js/getWaybills.js HTTP/1.1" 200 37451 
0:0:0:0:0:0:0:1 -  -  [02/九月/2019:03:48:14 +0000] "GET /js/bootstrap.min.js HTTP/1.1" 200 36822 
0:0:0:0:0:0:0:1 -  -  [02/九月/2019:03:48:14 +0000] "GET /js/bootstrap.min.css HTTP/1.1" 200 147601 
0:0:0:0:0:0:0:1 -  -  [02/九月/2019:03:48:14 +0000] "GET /images/deleteImg.svg HTTP/1.1" 200 1349 
0:0:0:0:0:0:0:1 -  -  [02/九月/2019:03:48:14 +0000] "GET /images/edit.png HTTP/1.1" 200 4249 
0:0:0:0:0:0:0:1 -  -  [02/九月/2019:03:48:27 +0000] "GET /servertest.jsp HTTP/1.1" 500 4255 
0:0:0:0:0:0:0:1 -  -  [02/九月/2019:03:48:32 +0000] "GET /template/ HTTP/1.1" 200 1852 
0:0:0:0:0:0:0:1 -  -  [02/九月/2019:03:48:35 +0000] "GET /template/V3.1.FM_poster_100mm210mm.jasper HTTP/1.1" 200 133223 
0:0:0:0:0:0:0:1 -  -  [02/九月/2019:03:48:41 +0000] "GET /template/V2.0_poster_100mm150mm.jasper HTTP/1.1" 200 110469 
0:0:0:0:0:0:0:1 -  -  [02/九月/2019:03:49:42 +0000] "POST /sf/waybill/print?type=V2.0.FM_poster_100mm150mm&output=image HTTP/1.1" 200 458541 
0:0:0:0:0:0:0:1 -  -  [02/九月/2019:05:50:04 +0000] "POST /sf/waybill/print?type=V2.0.FM_poster_100mm150mm&output=image HTTP/1.1" 200 43 
0:0:0:0:0:0:0:1 -  -  [02/九月/2019:05:51:54 +0000] "POST /sf/waybill/print?type=V2.0.FM_poster_100mm150mm&output=image HTTP/1.1" 200 43 
0:0:0:0:0:0:0:1 -  -  [02/九月/2019:05:52:29 +0000] "POST /sf/waybill/print?type=V2.0.FM_poster_100mm150mm&output=image HTTP/1.1" 200 43 
0:0:0:0:0:0:0:1 -  -  [02/九月/2019:05:52:54 +0000] "POST /sf/waybill/print?type=V2.0.FM_poster_100mm150mm&output=image HTTP/1.1" 200 458769 
0:0:0:0:0:0:0:1 -  -  [02/九月/2019:05:53:44 +0000] "POST /sf/waybill/print?type=V2.0.FM_poster_100mm150mm&output=image HTTP/1.1" 200 458849 
0:0:0:0:0:0:0:1 -  -  [02/九月/2019:05:54:25 +0000] "POST /sf/waybill/print?type=V2.0.FM_poster_100mm150mm&output=image HTTP/1.1" 200 458881 
0:0:0:0:0:0:0:1 -  -  [02/九月/2019:05:58:06 +0000] "POST /sf/waybill/print?type=V2.0.FM_poster_100mm150mm&output=image HTTP/1.1" 200 43 
0:0:0:0:0:0:0:1 -  -  [02/九月/2019:05:58:33 +0000] "POST /sf/waybill/print?type=V2.0.FM_poster_100mm150mm&output=image HTTP/1.1" 200 458925 
0:0:0:0:0:0:0:1 -  -  [02/九月/2019:05:58:55 +0000] "POST /sf/waybill/print?type=V2.0.FM_poster_100mm150mm&output=image HTTP/1.1" 200 458901 
0:0:0:0:0:0:0:1 -  -  [02/九月/2019:05:59:18 +0000] "POST /sf/waybill/print?type=V2.0.FM_poster_100mm150mm&output=image HTTP/1.1" 200 458913 
0:0:0:0:0:0:0:1 -  -  [02/九月/2019:05:59:41 +0000] "POST /sf/waybill/print?type=V2.0.FM_poster_100mm150mm&output=image HTTP/1.1" 200 458853 
0:0:0:0:0:0:0:1 -  -  [02/九月/2019:06:00:49 +0000] "POST /sf/waybill/print?type=V2.0.FM_poster_100mm150mm&output=image HTTP/1.1" 200 458737 
0:0:0:0:0:0:0:1 -  -  [02/九月/2019:06:01:10 +0000] "POST /sf/waybill/print?type=V2.0.FM_poster_100mm150mm&output=image HTTP/1.1" 200 458561 
0:0:0:0:0:0:0:1 -  -  [02/九月/2019:06:01:49 +0000] "POST /sf/waybill/print?type=V2.0.FM_poster_100mm150mm&output=image HTTP/1.1" 200 458561 
0:0:0:0:0:0:0:1 -  -  [02/九月/2019:06:02:06 +0000] "POST /sf/waybill/print?type=V2.0.FM_poster_100mm150mm&output=image HTTP/1.1" 200 458673 
0:0:0:0:0:0:0:1 -  -  [02/九月/2019:06:04:11 +0000] "POST /sf/waybill/print?type=V2.0.FM_poster_100mm150mm&output=image HTTP/1.1" 200 43 
0:0:0:0:0:0:0:1 -  -  [02/九月/2019:06:04:35 +0000] "POST /sf/waybill/print?type=V2.0.FM_poster_100mm150mm&output=image HTTP/1.1" 200 43 
0:0:0:0:0:0:0:1 -  -  [02/九月/2019:06:04:42 +0000] "POST /sf/waybill/print?type=V2.0.FM_poster_100mm150mm&output=image HTTP/1.1" 200 458573 
0:0:0:0:0:0:0:1 -  -  [02/九月/2019:06:06:17 +0000] "POST /sf/waybill/print?type=V2.0.FM_poster_100mm150mm&output=image HTTP/1.1" 500 5555 
0:0:0:0:0:0:0:1 -  -  [02/九月/2019:06:06:33 +0000] "POST /sf/waybill/print?type=V2.0.FM_poster_100mm150mm&output=image HTTP/1.1" 200 423673 
0:0:0:0:0:0:0:1 -  -  [02/九月/2019:06:08:36 +0000] "POST /sf/waybill/print?type=V2.0.FM_poster_100mm150mm&output=image HTTP/1.1" 200 422777 
0:0:0:0:0:0:0:1 -  -  [02/九月/2019:06:09:01 +0000] "POST /sf/waybill/print?type=V2.0.FM_poster_100mm150mm&output=image HTTP/1.1" 200 422557 
0:0:0:0:0:0:0:1 -  -  [02/九月/2019:06:09:45 +0000] "POST /sf/waybill/print?type=V2.0.FM_poster_100mm150mm&output=image HTTP/1.1" 200 281149 
0:0:0:0:0:0:0:1 -  -  [02/九月/2019:06:16:48 +0000] "POST /sf/waybill/print?type=V2.0.FM_poster_100mm150mm&output=image HTTP/1.1" 200 281181 
0:0:0:0:0:0:0:1 -  -  [02/九月/2019:06:17:44 +0000] "POST /sf/waybill/print?type=V2.0.FM_poster_100mm150mm&output=image HTTP/1.1" 200 280925 
0:0:0:0:0:0:0:1 -  -  [02/九月/2019:06:38:08 +0000] "POST /sf/waybill/print?type=V2.0.FM_poster_100mm150mm&output=image HTTP/1.1" 200 281181 
0:0:0:0:0:0:0:1 -  -  [02/九月/2019:06:39:16 +0000] "POST /sf/waybill/print?type=V2.0.FM_poster_100mm150mm&output=image HTTP/1.1" 200 281165 
0:0:0:0:0:0:0:1 -  -  [02/九月/2019:06:42:44 +0000] "POST /sf/waybill/print?type=V2.0.FM_poster_100mm150mm&output=image HTTP/1.1" 200 280813 
0:0:0:0:0:0:0:1 -  -  [02/九月/2019:06:42:50 +0000] "POST /sf/waybill/print?type=V2.0.FM_poster_100mm150mm&output=image HTTP/1.1" 200 281009 
0:0:0:0:0:0:0:1 -  -  [02/九月/2019:06:43:31 +0000] "POST /sf/waybill/print?type=V2.0.FM_poster_100mm150mm&output=image HTTP/1.1" 200 281025 
0:0:0:0:0:0:0:1 -  -  [02/九月/2019:06:44:00 +0000] "POST /sf/waybill/print?type=V2.0.FM_poster_100mm150mm&output=image HTTP/1.1" 200 280825 
0:0:0:0:0:0:0:1 -  -  [02/九月/2019:06:45:17 +0000] "POST /sf/waybill/print?type=V2.0.FM_poster_100mm150mm&output=image HTTP/1.1" 200 281113 
0:0:0:0:0:0:0:1 -  -  [02/九月/2019:06:46:09 +0000] "POST /sf/waybill/print?type=V2.0.FM_poster_100mm150mm&output=image HTTP/1.1" 200 280941 
0:0:0:0:0:0:0:1 -  -  [02/九月/2019:06:46:26 +0000] "POST /sf/waybill/print?type=V2.0.FM_poster_100mm150mm&output=image HTTP/1.1" 200 281009 
0:0:0:0:0:0:0:1 -  -  [03/九月/2019:07:48:28 +0000] "POST /sf/waybill/print?type=V2.0.FM_poster_100mm150mm&output=image HTTP/1.1" 200 277445 
0:0:0:0:0:0:0:1 -  -  [03/九月/2019:07:48:38 +0000] "POST /sf/waybill/print?type=V2.0.FM_poster_100mm150mm&output=image HTTP/1.1" 200 278685 
0:0:0:0:0:0:0:1 -  -  [03/九月/2019:07:55:54 +0000] "POST /sf/waybill/print?type=V2.0.FM_poster_100mm150mm&output=image HTTP/1.1" 200 277045 
0:0:0:0:0:0:0:1 -  -  [04/九月/2019:02:26:44 +0000] "GET / HTTP/1.1" 200 1437 
0:0:0:0:0:0:0:1 -  -  [05/九月/2019:10:57:39 +0000] "GET / HTTP/1.1" 200 1437 
