执行日期：2018-11-07-17：00：39
【接收到的notify通知】:
<xml><appid><![CDATA[wx9d12fe23eb053c4f]]></appid>
<bank_type><![CDATA[CFT]]></bank_type>
<cash_fee><![CDATA[2]]></cash_fee>
<fee_type><![CDATA[CNY]]></fee_type>
<is_subscribe><![CDATA[N]]></is_subscribe>
<mch_id><![CDATA[1499256602]]></mch_id>
<nonce_str><![CDATA[UZnZfVQEpmwjTXXcDZkpGfjRQXyWYLpS]]></nonce_str>
<openid><![CDATA[oHNXh5DLmG2Kh4lE430GzMwoGM9U]]></openid>
<out_trade_no><![CDATA[PT181107050033650676]]></out_trade_no>
<result_code><![CDATA[SUCCESS]]></result_code>
<return_code><![CDATA[SUCCESS]]></return_code>
<sign><![CDATA[06C0E8E71A76D0B5F71585B4DBAB5B14]]></sign>
<time_end><![CDATA[20181107170038]]></time_end>
<total_fee>2</total_fee>
<trade_type><![CDATA[JSAPI]]></trade_type>
<transaction_id><![CDATA[4200000229201811076210509410]]></transaction_id>
</xml>


执行日期：2018-11-07-17：00：39
【签名验证结果 succ】:
1


执行日期：2018-11-07-17：00：39
【拼团处理结果】:



执行日期：2018-11-26-11：14：24
【接收到的notify通知】:
<xml><appid><![CDATA[wx9d12fe23eb053c4f]]></appid>
<bank_type><![CDATA[CFT]]></bank_type>
<cash_fee><![CDATA[2]]></cash_fee>
<fee_type><![CDATA[CNY]]></fee_type>
<is_subscribe><![CDATA[N]]></is_subscribe>
<mch_id><![CDATA[1499256602]]></mch_id>
<nonce_str><![CDATA[NvGXdOUBLnHmXGlXKlZJEFXeQhjKJMTf]]></nonce_str>
<openid><![CDATA[oHNXh5KEK0gdc1oWvh3avwESuhPg]]></openid>
<out_trade_no><![CDATA[PT181126111417313577]]></out_trade_no>
<result_code><![CDATA[SUCCESS]]></result_code>
<return_code><![CDATA[SUCCESS]]></return_code>
<sign><![CDATA[F01A2D70A7E5CDA2C08460C0DB1CCF0A]]></sign>
<time_end><![CDATA[20181126111423]]></time_end>
<total_fee>2</total_fee>
<trade_type><![CDATA[JSAPI]]></trade_type>
<transaction_id><![CDATA[4200000213201811265981795034]]></transaction_id>
</xml>


执行日期：2018-11-26-11：14：24
【签名验证结果 succ】:
1


执行日期：2018-11-26-11：14：24
【拼团处理结果】:



执行日期：2018-11-26-14：38：37
【接收到的notify通知】:
<xml><appid><![CDATA[wx9d12fe23eb053c4f]]></appid>
<bank_type><![CDATA[CFT]]></bank_type>
<cash_fee><![CDATA[2]]></cash_fee>
<fee_type><![CDATA[CNY]]></fee_type>
<is_subscribe><![CDATA[N]]></is_subscribe>
<mch_id><![CDATA[1499256602]]></mch_id>
<nonce_str><![CDATA[BpvnmBGiXYGkrebGuIqIHSVOtyqdoVMI]]></nonce_str>
<openid><![CDATA[oHNXh5KEK0gdc1oWvh3avwESuhPg]]></openid>
<out_trade_no><![CDATA[PT181126023830132096]]></out_trade_no>
<result_code><![CDATA[SUCCESS]]></result_code>
<return_code><![CDATA[SUCCESS]]></return_code>
<sign><![CDATA[53E900B81D159EB37EBFD0C514A52D2A]]></sign>
<time_end><![CDATA[20181126143837]]></time_end>
<total_fee>2</total_fee>
<trade_type><![CDATA[JSAPI]]></trade_type>
<transaction_id><![CDATA[4200000222201811266463143202]]></transaction_id>
</xml>


执行日期：2018-11-26-14：38：37
【签名验证结果 succ】:
1


执行日期：2018-11-26-14：38：37
【拼团处理结果】:



执行日期：2018-11-26-15：13：07
【接收到的notify通知】:
<xml><appid><![CDATA[wx9d12fe23eb053c4f]]></appid>
<bank_type><![CDATA[CFT]]></bank_type>
<cash_fee><![CDATA[2]]></cash_fee>
<fee_type><![CDATA[CNY]]></fee_type>
<is_subscribe><![CDATA[N]]></is_subscribe>
<mch_id><![CDATA[1499256602]]></mch_id>
<nonce_str><![CDATA[FSFnYHMwSybRiUXVAudlZinqgHWOoKEb]]></nonce_str>
<openid><![CDATA[oHNXh5KEK0gdc1oWvh3avwESuhPg]]></openid>
<out_trade_no><![CDATA[PT181126031250343338]]></out_trade_no>
<result_code><![CDATA[SUCCESS]]></result_code>
<return_code><![CDATA[SUCCESS]]></return_code>
<sign><![CDATA[F413FE877A4BA3F7CF48E4AA31695F38]]></sign>
<time_end><![CDATA[20181126151306]]></time_end>
<total_fee>2</total_fee>
<trade_type><![CDATA[JSAPI]]></trade_type>
<transaction_id><![CDATA[4200000230201811267821907006]]></transaction_id>
</xml>


执行日期：2018-11-26-15：13：07
【签名验证结果 succ】:
1


执行日期：2018-11-26-15：13：07
【拼团处理结果】:



执行日期：2018-11-26-16：02：04
【接收到的notify通知】:
<xml><appid><![CDATA[wx9d12fe23eb053c4f]]></appid>
<bank_type><![CDATA[CFT]]></bank_type>
<cash_fee><![CDATA[2]]></cash_fee>
<fee_type><![CDATA[CNY]]></fee_type>
<is_subscribe><![CDATA[N]]></is_subscribe>
<mch_id><![CDATA[1499256602]]></mch_id>
<nonce_str><![CDATA[TtTMgyaJDoRFBTrcMIeVTiVoeZrjJALV]]></nonce_str>
<openid><![CDATA[oHNXh5KEK0gdc1oWvh3avwESuhPg]]></openid>
<out_trade_no><![CDATA[PT181126040158992966]]></out_trade_no>
<result_code><![CDATA[SUCCESS]]></result_code>
<return_code><![CDATA[SUCCESS]]></return_code>
<sign><![CDATA[7B5962148F5B258D111138555BCB8655]]></sign>
<time_end><![CDATA[20181126160204]]></time_end>
<total_fee>2</total_fee>
<trade_type><![CDATA[JSAPI]]></trade_type>
<transaction_id><![CDATA[4200000213201811267590073408]]></transaction_id>
</xml>


执行日期：2018-11-26-16：02：04
【签名验证结果 succ】:
1


执行日期：2018-11-26-16：02：04
【拼团处理结果】:



执行日期：2018-11-26-17：55：40
【接收到的notify通知】:
<xml><appid><![CDATA[wx9d12fe23eb053c4f]]></appid>
<bank_type><![CDATA[CFT]]></bank_type>
<cash_fee><![CDATA[1]]></cash_fee>
<fee_type><![CDATA[CNY]]></fee_type>
<is_subscribe><![CDATA[N]]></is_subscribe>
<mch_id><![CDATA[1499256602]]></mch_id>
<nonce_str><![CDATA[RvlvYonsbGrpgIlsOtHeYgirOKgZNGGe]]></nonce_str>
<openid><![CDATA[oHNXh5Mcuvf3yttC9-BbB2JCyGFM]]></openid>
<out_trade_no><![CDATA[CZ181126055534622148]]></out_trade_no>
<result_code><![CDATA[SUCCESS]]></result_code>
<return_code><![CDATA[SUCCESS]]></return_code>
<sign><![CDATA[FA7694AE184456D61050CD32288446CD]]></sign>
<time_end><![CDATA[20181126175539]]></time_end>
<total_fee>1</total_fee>
<trade_type><![CDATA[JSAPI]]></trade_type>
<transaction_id><![CDATA[4200000236201811260057535474]]></transaction_id>
</xml>


执行日期：2018-11-26-17：55：40
【签名验证结果 succ】:
1


执行日期：2018-11-26-17：56：32
【接收到的notify通知】:
<xml><appid><![CDATA[wx9d12fe23eb053c4f]]></appid>
<bank_type><![CDATA[CFT]]></bank_type>
<cash_fee><![CDATA[1]]></cash_fee>
<fee_type><![CDATA[CNY]]></fee_type>
<is_subscribe><![CDATA[N]]></is_subscribe>
<mch_id><![CDATA[1499256602]]></mch_id>
<nonce_str><![CDATA[UZdrUyDTBUSWVJQkrmPjAAteOGKcfPkv]]></nonce_str>
<openid><![CDATA[oHNXh5Mcuvf3yttC9-BbB2JCyGFM]]></openid>
<out_trade_no><![CDATA[CZ181126055625688587]]></out_trade_no>
<result_code><![CDATA[SUCCESS]]></result_code>
<return_code><![CDATA[SUCCESS]]></return_code>
<sign><![CDATA[5359CA58C2CC0051012A6402F470999B]]></sign>
<time_end><![CDATA[20181126175631]]></time_end>
<total_fee>1</total_fee>
<trade_type><![CDATA[JSAPI]]></trade_type>
<transaction_id><![CDATA[4200000237201811269574846456]]></transaction_id>
</xml>


执行日期：2018-11-26-17：56：32
【签名验证结果 succ】:
1


执行日期：2018-11-26-17：57：28
【接收到的notify通知】:
<xml><appid><![CDATA[wx9d12fe23eb053c4f]]></appid>
<bank_type><![CDATA[CFT]]></bank_type>
<cash_fee><![CDATA[1]]></cash_fee>
<fee_type><![CDATA[CNY]]></fee_type>
<is_subscribe><![CDATA[N]]></is_subscribe>
<mch_id><![CDATA[1499256602]]></mch_id>
<nonce_str><![CDATA[rbXgKktUGREUsrDTudljaigXVJRbymnA]]></nonce_str>
<openid><![CDATA[oHNXh5Mcuvf3yttC9-BbB2JCyGFM]]></openid>
<out_trade_no><![CDATA[CZ181126055722565289]]></out_trade_no>
<result_code><![CDATA[SUCCESS]]></result_code>
<return_code><![CDATA[SUCCESS]]></return_code>
<sign><![CDATA[40902AAC62317180E21DA1B6707B281F]]></sign>
<time_end><![CDATA[20181126175728]]></time_end>
<total_fee>1</total_fee>
<trade_type><![CDATA[JSAPI]]></trade_type>
<transaction_id><![CDATA[4200000216201811267730079300]]></transaction_id>
</xml>


执行日期：2018-11-26-17：57：28
【签名验证结果 succ】:
1


执行日期：2018-11-27-15：19：49
【接收到的notify通知】:
<xml><appid><![CDATA[wx9d12fe23eb053c4f]]></appid>
<bank_type><![CDATA[CFT]]></bank_type>
<cash_fee><![CDATA[1]]></cash_fee>
<fee_type><![CDATA[CNY]]></fee_type>
<is_subscribe><![CDATA[N]]></is_subscribe>
<mch_id><![CDATA[1499256602]]></mch_id>
<nonce_str><![CDATA[ESvpsquJZuSwmBomRFNwYvtQjsNXDfYL]]></nonce_str>
<openid><![CDATA[oHNXh5MBQJ9exSxfnZSk6_PfRtws]]></openid>
<out_trade_no><![CDATA[HB181127031500922475]]></out_trade_no>
<result_code><![CDATA[SUCCESS]]></result_code>
<return_code><![CDATA[SUCCESS]]></return_code>
<sign><![CDATA[CB5BF1E7F71506E52A0832ABD9D15B42]]></sign>
<time_end><![CDATA[20181127151947]]></time_end>
<total_fee>1</total_fee>
<trade_type><![CDATA[JSAPI]]></trade_type>
<transaction_id><![CDATA[4200000232201811277234874274]]></transaction_id>
</xml>


执行日期：2018-11-27-15：19：49
【签名验证结果 fail】:



执行日期：2018-11-27-15：20：05
【接收到的notify通知】:
<xml><appid><![CDATA[wx9d12fe23eb053c4f]]></appid>
<bank_type><![CDATA[CFT]]></bank_type>
<cash_fee><![CDATA[1]]></cash_fee>
<fee_type><![CDATA[CNY]]></fee_type>
<is_subscribe><![CDATA[N]]></is_subscribe>
<mch_id><![CDATA[1499256602]]></mch_id>
<nonce_str><![CDATA[ESvpsquJZuSwmBomRFNwYvtQjsNXDfYL]]></nonce_str>
<openid><![CDATA[oHNXh5MBQJ9exSxfnZSk6_PfRtws]]></openid>
<out_trade_no><![CDATA[HB181127031500922475]]></out_trade_no>
<result_code><![CDATA[SUCCESS]]></result_code>
<return_code><![CDATA[SUCCESS]]></return_code>
<sign><![CDATA[CB5BF1E7F71506E52A0832ABD9D15B42]]></sign>
<time_end><![CDATA[20181127151947]]></time_end>
<total_fee>1</total_fee>
<trade_type><![CDATA[JSAPI]]></trade_type>
<transaction_id><![CDATA[4200000232201811277234874274]]></transaction_id>
</xml>


执行日期：2018-11-27-15：20：05
【签名验证结果 fail】:



执行日期：2018-11-27-15：20：23
【接收到的notify通知】:
<xml><appid><![CDATA[wx9d12fe23eb053c4f]]></appid>
<bank_type><![CDATA[CFT]]></bank_type>
<cash_fee><![CDATA[1]]></cash_fee>
<fee_type><![CDATA[CNY]]></fee_type>
<is_subscribe><![CDATA[N]]></is_subscribe>
<mch_id><![CDATA[1499256602]]></mch_id>
<nonce_str><![CDATA[ESvpsquJZuSwmBomRFNwYvtQjsNXDfYL]]></nonce_str>
<openid><![CDATA[oHNXh5MBQJ9exSxfnZSk6_PfRtws]]></openid>
<out_trade_no><![CDATA[HB181127031500922475]]></out_trade_no>
<result_code><![CDATA[SUCCESS]]></result_code>
<return_code><![CDATA[SUCCESS]]></return_code>
<sign><![CDATA[CB5BF1E7F71506E52A0832ABD9D15B42]]></sign>
<time_end><![CDATA[20181127151947]]></time_end>
<total_fee>1</total_fee>
<trade_type><![CDATA[JSAPI]]></trade_type>
<transaction_id><![CDATA[4200000232201811277234874274]]></transaction_id>
</xml>


执行日期：2018-11-27-15：20：23
【签名验证结果 fail】:



执行日期：2018-11-27-15：20：54
【接收到的notify通知】:
<xml><appid><![CDATA[wx9d12fe23eb053c4f]]></appid>
<bank_type><![CDATA[CFT]]></bank_type>
<cash_fee><![CDATA[1]]></cash_fee>
<fee_type><![CDATA[CNY]]></fee_type>
<is_subscribe><![CDATA[N]]></is_subscribe>
<mch_id><![CDATA[1499256602]]></mch_id>
<nonce_str><![CDATA[ESvpsquJZuSwmBomRFNwYvtQjsNXDfYL]]></nonce_str>
<openid><![CDATA[oHNXh5MBQJ9exSxfnZSk6_PfRtws]]></openid>
<out_trade_no><![CDATA[HB181127031500922475]]></out_trade_no>
<result_code><![CDATA[SUCCESS]]></result_code>
<return_code><![CDATA[SUCCESS]]></return_code>
<sign><![CDATA[CB5BF1E7F71506E52A0832ABD9D15B42]]></sign>
<time_end><![CDATA[20181127151947]]></time_end>
<total_fee>1</total_fee>
<trade_type><![CDATA[JSAPI]]></trade_type>
<transaction_id><![CDATA[4200000232201811277234874274]]></transaction_id>
</xml>


执行日期：2018-11-27-15：20：54
【签名验证结果 fail】:



执行日期：2018-11-27-15：23：55
【接收到的notify通知】:
<xml><appid><![CDATA[wx9d12fe23eb053c4f]]></appid>
<bank_type><![CDATA[CFT]]></bank_type>
<cash_fee><![CDATA[1]]></cash_fee>
<fee_type><![CDATA[CNY]]></fee_type>
<is_subscribe><![CDATA[N]]></is_subscribe>
<mch_id><![CDATA[1499256602]]></mch_id>
<nonce_str><![CDATA[ESvpsquJZuSwmBomRFNwYvtQjsNXDfYL]]></nonce_str>
<openid><![CDATA[oHNXh5MBQJ9exSxfnZSk6_PfRtws]]></openid>
<out_trade_no><![CDATA[HB181127031500922475]]></out_trade_no>
<result_code><![CDATA[SUCCESS]]></result_code>
<return_code><![CDATA[SUCCESS]]></return_code>
<sign><![CDATA[CB5BF1E7F71506E52A0832ABD9D15B42]]></sign>
<time_end><![CDATA[20181127151947]]></time_end>
<total_fee>1</total_fee>
<trade_type><![CDATA[JSAPI]]></trade_type>
<transaction_id><![CDATA[4200000232201811277234874274]]></transaction_id>
</xml>


执行日期：2018-11-27-15：23：55
【签名验证结果 fail】:



执行日期：2018-11-27-15：53：56
【接收到的notify通知】:
<xml><appid><![CDATA[wx9d12fe23eb053c4f]]></appid>
<bank_type><![CDATA[CFT]]></bank_type>
<cash_fee><![CDATA[1]]></cash_fee>
<fee_type><![CDATA[CNY]]></fee_type>
<is_subscribe><![CDATA[N]]></is_subscribe>
<mch_id><![CDATA[1499256602]]></mch_id>
<nonce_str><![CDATA[ESvpsquJZuSwmBomRFNwYvtQjsNXDfYL]]></nonce_str>
<openid><![CDATA[oHNXh5MBQJ9exSxfnZSk6_PfRtws]]></openid>
<out_trade_no><![CDATA[HB181127031500922475]]></out_trade_no>
<result_code><![CDATA[SUCCESS]]></result_code>
<return_code><![CDATA[SUCCESS]]></return_code>
<sign><![CDATA[CB5BF1E7F71506E52A0832ABD9D15B42]]></sign>
<time_end><![CDATA[20181127151947]]></time_end>
<total_fee>1</total_fee>
<trade_type><![CDATA[JSAPI]]></trade_type>
<transaction_id><![CDATA[4200000232201811277234874274]]></transaction_id>
</xml>


执行日期：2018-11-27-15：53：56
【签名验证结果 fail】:



执行日期：2018-11-27-16：23：57
【接收到的notify通知】:
<xml><appid><![CDATA[wx9d12fe23eb053c4f]]></appid>
<bank_type><![CDATA[CFT]]></bank_type>
<cash_fee><![CDATA[1]]></cash_fee>
<fee_type><![CDATA[CNY]]></fee_type>
<is_subscribe><![CDATA[N]]></is_subscribe>
<mch_id><![CDATA[1499256602]]></mch_id>
<nonce_str><![CDATA[ESvpsquJZuSwmBomRFNwYvtQjsNXDfYL]]></nonce_str>
<openid><![CDATA[oHNXh5MBQJ9exSxfnZSk6_PfRtws]]></openid>
<out_trade_no><![CDATA[HB181127031500922475]]></out_trade_no>
<result_code><![CDATA[SUCCESS]]></result_code>
<return_code><![CDATA[SUCCESS]]></return_code>
<sign><![CDATA[CB5BF1E7F71506E52A0832ABD9D15B42]]></sign>
<time_end><![CDATA[20181127151947]]></time_end>
<total_fee>1</total_fee>
<trade_type><![CDATA[JSAPI]]></trade_type>
<transaction_id><![CDATA[4200000232201811277234874274]]></transaction_id>
</xml>


执行日期：2018-11-27-16：23：57
【签名验证结果 fail】:



执行日期：2018-11-27-16：25：44
【接收到的notify通知】:
<xml><appid><![CDATA[wx9d12fe23eb053c4f]]></appid>
<bank_type><![CDATA[CFT]]></bank_type>
<cash_fee><![CDATA[1]]></cash_fee>
<fee_type><![CDATA[CNY]]></fee_type>
<is_subscribe><![CDATA[N]]></is_subscribe>
<mch_id><![CDATA[1499256602]]></mch_id>
<nonce_str><![CDATA[iPfjGGWpQZaShYTkTqsRmPbqoDwvZGKj]]></nonce_str>
<openid><![CDATA[oHNXh5MBQJ9exSxfnZSk6_PfRtws]]></openid>
<out_trade_no><![CDATA[HB181127042601986005]]></out_trade_no>
<result_code><![CDATA[SUCCESS]]></result_code>
<return_code><![CDATA[SUCCESS]]></return_code>
<sign><![CDATA[C5D7BD8C42BF2411EC1EB7CB44084831]]></sign>
<time_end><![CDATA[20181127162543]]></time_end>
<total_fee>1</total_fee>
<trade_type><![CDATA[JSAPI]]></trade_type>
<transaction_id><![CDATA[4200000232201811272285568392]]></transaction_id>
</xml>


执行日期：2018-11-27-16：25：44
【签名验证结果 fail】:



执行日期：2018-11-27-16：26：00
【接收到的notify通知】:
<xml><appid><![CDATA[wx9d12fe23eb053c4f]]></appid>
<bank_type><![CDATA[CFT]]></bank_type>
<cash_fee><![CDATA[1]]></cash_fee>
<fee_type><![CDATA[CNY]]></fee_type>
<is_subscribe><![CDATA[N]]></is_subscribe>
<mch_id><![CDATA[1499256602]]></mch_id>
<nonce_str><![CDATA[iPfjGGWpQZaShYTkTqsRmPbqoDwvZGKj]]></nonce_str>
<openid><![CDATA[oHNXh5MBQJ9exSxfnZSk6_PfRtws]]></openid>
<out_trade_no><![CDATA[HB181127042601986005]]></out_trade_no>
<result_code><![CDATA[SUCCESS]]></result_code>
<return_code><![CDATA[SUCCESS]]></return_code>
<sign><![CDATA[C5D7BD8C42BF2411EC1EB7CB44084831]]></sign>
<time_end><![CDATA[20181127162543]]></time_end>
<total_fee>1</total_fee>
<trade_type><![CDATA[JSAPI]]></trade_type>
<transaction_id><![CDATA[4200000232201811272285568392]]></transaction_id>
</xml>


执行日期：2018-11-27-16：26：00
【签名验证结果 fail】:



执行日期：2018-11-27-16：26：16
【接收到的notify通知】:
<xml><appid><![CDATA[wx9d12fe23eb053c4f]]></appid>
<bank_type><![CDATA[CFT]]></bank_type>
<cash_fee><![CDATA[1]]></cash_fee>
<fee_type><![CDATA[CNY]]></fee_type>
<is_subscribe><![CDATA[N]]></is_subscribe>
<mch_id><![CDATA[1499256602]]></mch_id>
<nonce_str><![CDATA[iPfjGGWpQZaShYTkTqsRmPbqoDwvZGKj]]></nonce_str>
<openid><![CDATA[oHNXh5MBQJ9exSxfnZSk6_PfRtws]]></openid>
<out_trade_no><![CDATA[HB181127042601986005]]></out_trade_no>
<result_code><![CDATA[SUCCESS]]></result_code>
<return_code><![CDATA[SUCCESS]]></return_code>
<sign><![CDATA[C5D7BD8C42BF2411EC1EB7CB44084831]]></sign>
<time_end><![CDATA[20181127162543]]></time_end>
<total_fee>1</total_fee>
<trade_type><![CDATA[JSAPI]]></trade_type>
<transaction_id><![CDATA[4200000232201811272285568392]]></transaction_id>
</xml>


执行日期：2018-11-27-16：26：16
【签名验证结果 fail】:



执行日期：2018-11-27-16：26：46
【接收到的notify通知】:
<xml><appid><![CDATA[wx9d12fe23eb053c4f]]></appid>
<bank_type><![CDATA[CFT]]></bank_type>
<cash_fee><![CDATA[1]]></cash_fee>
<fee_type><![CDATA[CNY]]></fee_type>
<is_subscribe><![CDATA[N]]></is_subscribe>
<mch_id><![CDATA[1499256602]]></mch_id>
<nonce_str><![CDATA[iPfjGGWpQZaShYTkTqsRmPbqoDwvZGKj]]></nonce_str>
<openid><![CDATA[oHNXh5MBQJ9exSxfnZSk6_PfRtws]]></openid>
<out_trade_no><![CDATA[HB181127042601986005]]></out_trade_no>
<result_code><![CDATA[SUCCESS]]></result_code>
<return_code><![CDATA[SUCCESS]]></return_code>
<sign><![CDATA[C5D7BD8C42BF2411EC1EB7CB44084831]]></sign>
<time_end><![CDATA[20181127162543]]></time_end>
<total_fee>1</total_fee>
<trade_type><![CDATA[JSAPI]]></trade_type>
<transaction_id><![CDATA[4200000232201811272285568392]]></transaction_id>
</xml>


执行日期：2018-11-27-16：26：46
【签名验证结果 fail】:



执行日期：2018-11-27-16：29：47
【接收到的notify通知】:
<xml><appid><![CDATA[wx9d12fe23eb053c4f]]></appid>
<bank_type><![CDATA[CFT]]></bank_type>
<cash_fee><![CDATA[1]]></cash_fee>
<fee_type><![CDATA[CNY]]></fee_type>
<is_subscribe><![CDATA[N]]></is_subscribe>
<mch_id><![CDATA[1499256602]]></mch_id>
<nonce_str><![CDATA[iPfjGGWpQZaShYTkTqsRmPbqoDwvZGKj]]></nonce_str>
<openid><![CDATA[oHNXh5MBQJ9exSxfnZSk6_PfRtws]]></openid>
<out_trade_no><![CDATA[HB181127042601986005]]></out_trade_no>
<result_code><![CDATA[SUCCESS]]></result_code>
<return_code><![CDATA[SUCCESS]]></return_code>
<sign><![CDATA[C5D7BD8C42BF2411EC1EB7CB44084831]]></sign>
<time_end><![CDATA[20181127162543]]></time_end>
<total_fee>1</total_fee>
<trade_type><![CDATA[JSAPI]]></trade_type>
<transaction_id><![CDATA[4200000232201811272285568392]]></transaction_id>
</xml>


执行日期：2018-11-27-16：29：47
【签名验证结果 fail】:



执行日期：2018-11-27-16：53：59
【接收到的notify通知】:
<xml><appid><![CDATA[wx9d12fe23eb053c4f]]></appid>
<bank_type><![CDATA[CFT]]></bank_type>
<cash_fee><![CDATA[1]]></cash_fee>
<fee_type><![CDATA[CNY]]></fee_type>
<is_subscribe><![CDATA[N]]></is_subscribe>
<mch_id><![CDATA[1499256602]]></mch_id>
<nonce_str><![CDATA[ESvpsquJZuSwmBomRFNwYvtQjsNXDfYL]]></nonce_str>
<openid><![CDATA[oHNXh5MBQJ9exSxfnZSk6_PfRtws]]></openid>
<out_trade_no><![CDATA[HB181127031500922475]]></out_trade_no>
<result_code><![CDATA[SUCCESS]]></result_code>
<return_code><![CDATA[SUCCESS]]></return_code>
<sign><![CDATA[CB5BF1E7F71506E52A0832ABD9D15B42]]></sign>
<time_end><![CDATA[20181127151947]]></time_end>
<total_fee>1</total_fee>
<trade_type><![CDATA[JSAPI]]></trade_type>
<transaction_id><![CDATA[4200000232201811277234874274]]></transaction_id>
</xml>


执行日期：2018-11-27-16：53：59
【签名验证结果 fail】:



执行日期：2018-11-27-16：59：48
【接收到的notify通知】:
<xml><appid><![CDATA[wx9d12fe23eb053c4f]]></appid>
<bank_type><![CDATA[CFT]]></bank_type>
<cash_fee><![CDATA[1]]></cash_fee>
<fee_type><![CDATA[CNY]]></fee_type>
<is_subscribe><![CDATA[N]]></is_subscribe>
<mch_id><![CDATA[1499256602]]></mch_id>
<nonce_str><![CDATA[iPfjGGWpQZaShYTkTqsRmPbqoDwvZGKj]]></nonce_str>
<openid><![CDATA[oHNXh5MBQJ9exSxfnZSk6_PfRtws]]></openid>
<out_trade_no><![CDATA[HB181127042601986005]]></out_trade_no>
<result_code><![CDATA[SUCCESS]]></result_code>
<return_code><![CDATA[SUCCESS]]></return_code>
<sign><![CDATA[C5D7BD8C42BF2411EC1EB7CB44084831]]></sign>
<time_end><![CDATA[20181127162543]]></time_end>
<total_fee>1</total_fee>
<trade_type><![CDATA[JSAPI]]></trade_type>
<transaction_id><![CDATA[4200000232201811272285568392]]></transaction_id>
</xml>


执行日期：2018-11-27-16：59：48
【签名验证结果 fail】:



执行日期：2018-11-27-17：24：00
【接收到的notify通知】:
<xml><appid><![CDATA[wx9d12fe23eb053c4f]]></appid>
<bank_type><![CDATA[CFT]]></bank_type>
<cash_fee><![CDATA[1]]></cash_fee>
<fee_type><![CDATA[CNY]]></fee_type>
<is_subscribe><![CDATA[N]]></is_subscribe>
<mch_id><![CDATA[1499256602]]></mch_id>
<nonce_str><![CDATA[ESvpsquJZuSwmBomRFNwYvtQjsNXDfYL]]></nonce_str>
<openid><![CDATA[oHNXh5MBQJ9exSxfnZSk6_PfRtws]]></openid>
<out_trade_no><![CDATA[HB181127031500922475]]></out_trade_no>
<result_code><![CDATA[SUCCESS]]></result_code>
<return_code><![CDATA[SUCCESS]]></return_code>
<sign><![CDATA[CB5BF1E7F71506E52A0832ABD9D15B42]]></sign>
<time_end><![CDATA[20181127151947]]></time_end>
<total_fee>1</total_fee>
<trade_type><![CDATA[JSAPI]]></trade_type>
<transaction_id><![CDATA[4200000232201811277234874274]]></transaction_id>
</xml>


执行日期：2018-11-27-17：24：00
【签名验证结果 fail】:



执行日期：2018-11-27-17：29：49
【接收到的notify通知】:
<xml><appid><![CDATA[wx9d12fe23eb053c4f]]></appid>
<bank_type><![CDATA[CFT]]></bank_type>
<cash_fee><![CDATA[1]]></cash_fee>
<fee_type><![CDATA[CNY]]></fee_type>
<is_subscribe><![CDATA[N]]></is_subscribe>
<mch_id><![CDATA[1499256602]]></mch_id>
<nonce_str><![CDATA[iPfjGGWpQZaShYTkTqsRmPbqoDwvZGKj]]></nonce_str>
<openid><![CDATA[oHNXh5MBQJ9exSxfnZSk6_PfRtws]]></openid>
<out_trade_no><![CDATA[HB181127042601986005]]></out_trade_no>
<result_code><![CDATA[SUCCESS]]></result_code>
<return_code><![CDATA[SUCCESS]]></return_code>
<sign><![CDATA[C5D7BD8C42BF2411EC1EB7CB44084831]]></sign>
<time_end><![CDATA[20181127162543]]></time_end>
<total_fee>1</total_fee>
<trade_type><![CDATA[JSAPI]]></trade_type>
<transaction_id><![CDATA[4200000232201811272285568392]]></transaction_id>
</xml>


执行日期：2018-11-27-17：29：49
【签名验证结果 fail】:



执行日期：2018-11-27-17：59：51
【接收到的notify通知】:
<xml><appid><![CDATA[wx9d12fe23eb053c4f]]></appid>
<bank_type><![CDATA[CFT]]></bank_type>
<cash_fee><![CDATA[1]]></cash_fee>
<fee_type><![CDATA[CNY]]></fee_type>
<is_subscribe><![CDATA[N]]></is_subscribe>
<mch_id><![CDATA[1499256602]]></mch_id>
<nonce_str><![CDATA[iPfjGGWpQZaShYTkTqsRmPbqoDwvZGKj]]></nonce_str>
<openid><![CDATA[oHNXh5MBQJ9exSxfnZSk6_PfRtws]]></openid>
<out_trade_no><![CDATA[HB181127042601986005]]></out_trade_no>
<result_code><![CDATA[SUCCESS]]></result_code>
<return_code><![CDATA[SUCCESS]]></return_code>
<sign><![CDATA[C5D7BD8C42BF2411EC1EB7CB44084831]]></sign>
<time_end><![CDATA[20181127162543]]></time_end>
<total_fee>1</total_fee>
<trade_type><![CDATA[JSAPI]]></trade_type>
<transaction_id><![CDATA[4200000232201811272285568392]]></transaction_id>
</xml>


执行日期：2018-11-27-17：59：51
【签名验证结果 fail】:



执行日期：2018-11-27-18：24：02
【接收到的notify通知】:
<xml><appid><![CDATA[wx9d12fe23eb053c4f]]></appid>
<bank_type><![CDATA[CFT]]></bank_type>
<cash_fee><![CDATA[1]]></cash_fee>
<fee_type><![CDATA[CNY]]></fee_type>
<is_subscribe><![CDATA[N]]></is_subscribe>
<mch_id><![CDATA[1499256602]]></mch_id>
<nonce_str><![CDATA[ESvpsquJZuSwmBomRFNwYvtQjsNXDfYL]]></nonce_str>
<openid><![CDATA[oHNXh5MBQJ9exSxfnZSk6_PfRtws]]></openid>
<out_trade_no><![CDATA[HB181127031500922475]]></out_trade_no>
<result_code><![CDATA[SUCCESS]]></result_code>
<return_code><![CDATA[SUCCESS]]></return_code>
<sign><![CDATA[CB5BF1E7F71506E52A0832ABD9D15B42]]></sign>
<time_end><![CDATA[20181127151947]]></time_end>
<total_fee>1</total_fee>
<trade_type><![CDATA[JSAPI]]></trade_type>
<transaction_id><![CDATA[4200000232201811277234874274]]></transaction_id>
</xml>


执行日期：2018-11-27-18：24：02
【签名验证结果 fail】:



执行日期：2018-11-27-18：29：53
【接收到的notify通知】:
<xml><appid><![CDATA[wx9d12fe23eb053c4f]]></appid>
<bank_type><![CDATA[CFT]]></bank_type>
<cash_fee><![CDATA[1]]></cash_fee>
<fee_type><![CDATA[CNY]]></fee_type>
<is_subscribe><![CDATA[N]]></is_subscribe>
<mch_id><![CDATA[1499256602]]></mch_id>
<nonce_str><![CDATA[iPfjGGWpQZaShYTkTqsRmPbqoDwvZGKj]]></nonce_str>
<openid><![CDATA[oHNXh5MBQJ9exSxfnZSk6_PfRtws]]></openid>
<out_trade_no><![CDATA[HB181127042601986005]]></out_trade_no>
<result_code><![CDATA[SUCCESS]]></result_code>
<return_code><![CDATA[SUCCESS]]></return_code>
<sign><![CDATA[C5D7BD8C42BF2411EC1EB7CB44084831]]></sign>
<time_end><![CDATA[20181127162543]]></time_end>
<total_fee>1</total_fee>
<trade_type><![CDATA[JSAPI]]></trade_type>
<transaction_id><![CDATA[4200000232201811272285568392]]></transaction_id>
</xml>


执行日期：2018-11-27-18：29：53
【签名验证结果 fail】:



执行日期：2018-11-27-19：29：55
【接收到的notify通知】:
<xml><appid><![CDATA[wx9d12fe23eb053c4f]]></appid>
<bank_type><![CDATA[CFT]]></bank_type>
<cash_fee><![CDATA[1]]></cash_fee>
<fee_type><![CDATA[CNY]]></fee_type>
<is_subscribe><![CDATA[N]]></is_subscribe>
<mch_id><![CDATA[1499256602]]></mch_id>
<nonce_str><![CDATA[iPfjGGWpQZaShYTkTqsRmPbqoDwvZGKj]]></nonce_str>
<openid><![CDATA[oHNXh5MBQJ9exSxfnZSk6_PfRtws]]></openid>
<out_trade_no><![CDATA[HB181127042601986005]]></out_trade_no>
<result_code><![CDATA[SUCCESS]]></result_code>
<return_code><![CDATA[SUCCESS]]></return_code>
<sign><![CDATA[C5D7BD8C42BF2411EC1EB7CB44084831]]></sign>
<time_end><![CDATA[20181127162543]]></time_end>
<total_fee>1</total_fee>
<trade_type><![CDATA[JSAPI]]></trade_type>
<transaction_id><![CDATA[4200000232201811272285568392]]></transaction_id>
</xml>


执行日期：2018-11-27-19：29：55
【签名验证结果 fail】:



执行日期：2018-11-30-15：04：32
【接收到的notify通知】:
<xml><appid><![CDATA[wx9d12fe23eb053c4f]]></appid>
<bank_type><![CDATA[CFT]]></bank_type>
<cash_fee><![CDATA[1]]></cash_fee>
<fee_type><![CDATA[CNY]]></fee_type>
<is_subscribe><![CDATA[N]]></is_subscribe>
<mch_id><![CDATA[1499256602]]></mch_id>
<nonce_str><![CDATA[RXEyIwbojMtUkDtpXGEtitqwhtUliGNm]]></nonce_str>
<openid><![CDATA[oHNXh5MBQJ9exSxfnZSk6_PfRtws]]></openid>
<out_trade_no><![CDATA[HB181130030327621687]]></out_trade_no>
<result_code><![CDATA[SUCCESS]]></result_code>
<return_code><![CDATA[SUCCESS]]></return_code>
<sign><![CDATA[2BC84701C23C583A3CCCB985DA264532]]></sign>
<time_end><![CDATA[20181130150430]]></time_end>
<total_fee>1</total_fee>
<trade_type><![CDATA[JSAPI]]></trade_type>
<transaction_id><![CDATA[4200000228201811307146692194]]></transaction_id>
</xml>


执行日期：2018-11-30-15：04：32
【签名验证结果 succ】:
1


执行日期：2018-11-30-15：05：55
【接收到的notify通知】:
<xml><appid><![CDATA[wx9d12fe23eb053c4f]]></appid>
<bank_type><![CDATA[CFT]]></bank_type>
<cash_fee><![CDATA[1]]></cash_fee>
<fee_type><![CDATA[CNY]]></fee_type>
<is_subscribe><![CDATA[N]]></is_subscribe>
<mch_id><![CDATA[1499256602]]></mch_id>
<nonce_str><![CDATA[fSnToBdokhEFranJGQFfMsBAFiJNPIAT]]></nonce_str>
<openid><![CDATA[oHNXh5MBQJ9exSxfnZSk6_PfRtws]]></openid>
<out_trade_no><![CDATA[HB181130030614150845]]></out_trade_no>
<result_code><![CDATA[SUCCESS]]></result_code>
<return_code><![CDATA[SUCCESS]]></return_code>
<sign><![CDATA[50222379552C2625AAA0092A91BD29CD]]></sign>
<time_end><![CDATA[20181130150554]]></time_end>
<total_fee>1</total_fee>
<trade_type><![CDATA[JSAPI]]></trade_type>
<transaction_id><![CDATA[4200000229201811309852468193]]></transaction_id>
</xml>


执行日期：2018-11-30-15：05：55
【签名验证结果 succ】:
1


执行日期：2018-11-30-17：33：29
【接收到的notify通知】:
<xml><appid><![CDATA[wx9d12fe23eb053c4f]]></appid>
<bank_type><![CDATA[CFT]]></bank_type>
<cash_fee><![CDATA[1]]></cash_fee>
<fee_type><![CDATA[CNY]]></fee_type>
<is_subscribe><![CDATA[N]]></is_subscribe>
<mch_id><![CDATA[1499256602]]></mch_id>
<nonce_str><![CDATA[dRqpjNZwGDAmMtfhcStysLKZljBrutkU]]></nonce_str>
<openid><![CDATA[oHNXh5MBQJ9exSxfnZSk6_PfRtws]]></openid>
<out_trade_no><![CDATA[HB181130053343829229]]></out_trade_no>
<result_code><![CDATA[SUCCESS]]></result_code>
<return_code><![CDATA[SUCCESS]]></return_code>
<sign><![CDATA[603822C391E2E626543FAA10EA42AAD6]]></sign>
<time_end><![CDATA[20181130173328]]></time_end>
<total_fee>1</total_fee>
<trade_type><![CDATA[JSAPI]]></trade_type>
<transaction_id><![CDATA[4200000219201811304867106422]]></transaction_id>
</xml>


执行日期：2018-11-30-17：33：29
【签名验证结果 succ】:
1


执行日期：2018-11-30-17：35：01
【接收到的notify通知】:
<xml><appid><![CDATA[wx9d12fe23eb053c4f]]></appid>
<bank_type><![CDATA[CFT]]></bank_type>
<cash_fee><![CDATA[1]]></cash_fee>
<fee_type><![CDATA[CNY]]></fee_type>
<is_subscribe><![CDATA[N]]></is_subscribe>
<mch_id><![CDATA[1499256602]]></mch_id>
<nonce_str><![CDATA[olFqeAZJvneAGLsKKqaNMgkheAcWmAjX]]></nonce_str>
<openid><![CDATA[oHNXh5MBQJ9exSxfnZSk6_PfRtws]]></openid>
<out_trade_no><![CDATA[HB181130053512265550]]></out_trade_no>
<result_code><![CDATA[SUCCESS]]></result_code>
<return_code><![CDATA[SUCCESS]]></return_code>
<sign><![CDATA[2F3853359205AED71D3599D89BC15E42]]></sign>
<time_end><![CDATA[20181130173459]]></time_end>
<total_fee>1</total_fee>
<trade_type><![CDATA[JSAPI]]></trade_type>
<transaction_id><![CDATA[4200000226201811302020597737]]></transaction_id>
</xml>


执行日期：2018-11-30-17：35：01
【签名验证结果 succ】:
1


执行日期：2018-11-30-17：44：49
【接收到的notify通知】:
<xml><appid><![CDATA[wx9d12fe23eb053c4f]]></appid>
<bank_type><![CDATA[CFT]]></bank_type>
<cash_fee><![CDATA[1]]></cash_fee>
<fee_type><![CDATA[CNY]]></fee_type>
<is_subscribe><![CDATA[N]]></is_subscribe>
<mch_id><![CDATA[1499256602]]></mch_id>
<nonce_str><![CDATA[ovMbqRKQSPlMVEmmAsjOUJihHpXpKiLZ]]></nonce_str>
<openid><![CDATA[oHNXh5MBQJ9exSxfnZSk6_PfRtws]]></openid>
<out_trade_no><![CDATA[HB181130054503376623]]></out_trade_no>
<result_code><![CDATA[SUCCESS]]></result_code>
<return_code><![CDATA[SUCCESS]]></return_code>
<sign><![CDATA[739BA3C3811391FAA76FA650E66E1E91]]></sign>
<time_end><![CDATA[20181130174448]]></time_end>
<total_fee>1</total_fee>
<trade_type><![CDATA[JSAPI]]></trade_type>
<transaction_id><![CDATA[4200000228201811307254029578]]></transaction_id>
</xml>


执行日期：2018-11-30-17：44：49
【签名验证结果 succ】:
1


执行日期：2018-11-30-17：46：01
【接收到的notify通知】:
<xml><appid><![CDATA[wx9d12fe23eb053c4f]]></appid>
<bank_type><![CDATA[CFT]]></bank_type>
<cash_fee><![CDATA[1]]></cash_fee>
<fee_type><![CDATA[CNY]]></fee_type>
<is_subscribe><![CDATA[N]]></is_subscribe>
<mch_id><![CDATA[1499256602]]></mch_id>
<nonce_str><![CDATA[ymYMeYufdlDtHlqwGweauPnHpYjTGFym]]></nonce_str>
<openid><![CDATA[oHNXh5MBQJ9exSxfnZSk6_PfRtws]]></openid>
<out_trade_no><![CDATA[HB181130054619386654]]></out_trade_no>
<result_code><![CDATA[SUCCESS]]></result_code>
<return_code><![CDATA[SUCCESS]]></return_code>
<sign><![CDATA[8D888FC34F0F431C3A3B16E4A0E4799F]]></sign>
<time_end><![CDATA[20181130174559]]></time_end>
<total_fee>1</total_fee>
<trade_type><![CDATA[JSAPI]]></trade_type>
<transaction_id><![CDATA[4200000223201811302197812254]]></transaction_id>
</xml>


执行日期：2018-11-30-17：46：01
【签名验证结果 succ】:
1


